[02-09-2020 12:36:07] PayPal\Core\PayPalHttpConnection : INFO: POST https://api.sandbox.paypal.com/v1/oauth2/token
[02-09-2020 12:36:09] PayPal\Core\PayPalHttpConnection : DEBUG: Request Headers 	: POST /v1/oauth2/token HTTP/1.1, Host: api.sandbox.paypal.com, User-Agent: PayPalSDK/PayPal-PHP-SDK 1.14.0 (platform-ver=7.2.31; bit=64; os=Windows_NT_10.0; machine=AMD64; crypto-lib-ver=1.1.1g; curl=7.67.0), Authorization: Basic QWZjUDBMcFJrdjMtYWlfMkdDZ2tsRGgzVVhUVk9WTzlyX3hPaTF3VjU5VzVIdERlWENMLW02SWxmX2twYUhPTG1DSG5GVTF6eEpQT2NBSHk6RUp6UUxoSDNiNUpkTWFPU2RHdmRZYW5hNHgwR0xoT2R2ei1hTUQxeFJJNUhfUk5aWjZSY0UzbDJ6c1d0OThBUVkzTmwxSEVwOTJ0QVNvWFY=, Accept: */*, Content-Length: 29, Content-Type: application/x-www-form-urlencoded, , 
[02-09-2020 12:36:09] PayPal\Core\PayPalHttpConnection : DEBUG: Request Data		: grant_type=client_credentials
--------------------------------------------------------------------------------------------------------------------------------

[02-09-2020 12:36:09] PayPal\Core\PayPalHttpConnection : INFO: Response Status 	: 200
[02-09-2020 12:36:09] PayPal\Core\PayPalHttpConnection : DEBUG: Response Headers	: Cache-Control: max-age=0, no-cache, no-store, must-revalidate, Content-Length: 918, Content-Type: application/json, Date: Wed, 02 Sep 2020 12:36:08 GMT, Paypal-Debug-Id: 41b25ddaad12, X-Paypal-Token-Service: IAAS, 
[02-09-2020 12:36:09] PayPal\Core\PayPalHttpConnection : DEBUG: Response Data 	: {"scope":"https://uri.paypal.com/services/invoicing https://uri.paypal.com/services/disputes/read-buyer https://uri.paypal.com/services/payments/realtimepayment https://uri.paypal.com/services/disputes/update-seller https://uri.paypal.com/services/payments/payment/authcapture openid https://uri.paypal.com/services/disputes/read-seller https://uri.paypal.com/services/payments/refund https://api.paypal.com/v1/vault/credit-card https://api.paypal.com/v1/payments/.* https://uri.paypal.com/payments/payouts https://api.paypal.com/v1/vault/credit-card/.* https://uri.paypal.com/services/subscriptions https://uri.paypal.com/services/applications/webhooks","access_token":"A21AAGXgSw_r1nXGNVcilz0mz9-hbE0e-e9BedYfMgxg-gxcm9zYhmpvVRa_DkyWrBKqHsXT3c5nXyzP85hYpvSqeiiszNdow","token_type":"Bearer","app_id":"APP-80W284485P519543T","expires_in":32400,"nonce":"2020-09-02T12:36:08Za8_vR616bj3rl8Hdyg6X5fuAmJHS2IyUMWd6_CYTjIo"}

================================================================================================================================

[02-09-2020 12:36:09] PayPal\Core\PayPalHttpConnection : INFO: POST https://api.sandbox.paypal.com/v1/vault/credit-cards
[02-09-2020 12:36:10] PayPal\Core\PayPalHttpConnection : DEBUG: Request Headers 	: POST /v1/vault/credit-cards HTTP/1.1, Host: api.sandbox.paypal.com, Accept: */*, Content-Type: application/json, User-Agent: PayPalSDK/PayPal-PHP-SDK 1.14.0 (platform-ver=7.2.31; bit=64; os=Windows_NT_10.0; machine=AMD64; crypto-lib-ver=1.1.1g; curl=7.67.0), Authorization: Bearer A21AAGXgSw_r1nXGNVcilz0mz9-hbE0e-e9BedYfMgxg-gxcm9zYhmpvVRa_DkyWrBKqHsXT3c5nXyzP85hYpvSqeiiszNdow, Content-Length: 132, , 
[02-09-2020 12:36:10] PayPal\Core\PayPalHttpConnection : DEBUG: Request Data		: {"number":"4032032476376683","type":"visa","expire_month":2,"expire_year":2023,"cvv2":"123","first_name":"Hetal","last_name":"rana"}
--------------------------------------------------------------------------------------------------------------------------------

[02-09-2020 12:36:10] PayPal\Core\PayPalHttpConnection : INFO: Response Status 	: 201
[02-09-2020 12:36:10] PayPal\Core\PayPalHttpConnection : DEBUG: Response Headers	: Cache-Control: max-age=0, no-cache, no-store, must-revalidate, Content-Length: 668, Content-Type: application/json, Date: Wed, 02 Sep 2020 12:36:09 GMT, Paypal-Debug-Id: 52e7e0e4ceeae, 
[02-09-2020 12:36:10] PayPal\Core\PayPalHttpConnection : DEBUG: Response Data 	: {"id":"CARD-6S364318T53099949L5HZDOI","state":"ok","type":"visa","number":"xxxxxxxxxxxx6683","expire_month":"2","expire_year":"2023","first_name":"Hetal","last_name":"rana","valid_until":"2023-09-02T00:00:00Z","create_time":"2020-09-02T12:36:09Z","update_time":"2020-09-02T12:36:09Z","links":[{"href":"https://api.sandbox.paypal.com/v1/vault/credit-cards/CARD-6S364318T53099949L5HZDOI","rel":"self","method":"GET"},{"href":"https://api.sandbox.paypal.com/v1/vault/credit-cards/CARD-6S364318T53099949L5HZDOI","rel":"delete","method":"DELETE"},{"href":"https://api.sandbox.paypal.com/v1/vault/credit-cards/CARD-6S364318T53099949L5HZDOI","rel":"patch","method":"PATCH"}]}

================================================================================================================================

[02-09-2020 12:42:11] PayPal\Core\PayPalHttpConnection : INFO: POST https://api.sandbox.paypal.com/v1/oauth2/token
[02-09-2020 12:42:12] PayPal\Core\PayPalHttpConnection : DEBUG: Request Headers 	: POST /v1/oauth2/token HTTP/1.1, Host: api.sandbox.paypal.com, User-Agent: PayPalSDK/PayPal-PHP-SDK 1.14.0 (platform-ver=7.2.31; bit=64; os=Windows_NT_10.0; machine=AMD64; crypto-lib-ver=1.1.1g; curl=7.67.0), Authorization: Basic QWZjUDBMcFJrdjMtYWlfMkdDZ2tsRGgzVVhUVk9WTzlyX3hPaTF3VjU5VzVIdERlWENMLW02SWxmX2twYUhPTG1DSG5GVTF6eEpQT2NBSHk6RUp6UUxoSDNiNUpkTWFPU2RHdmRZYW5hNHgwR0xoT2R2ei1hTUQxeFJJNUhfUk5aWjZSY0UzbDJ6c1d0OThBUVkzTmwxSEVwOTJ0QVNvWFY=, Accept: */*, Content-Length: 29, Content-Type: application/x-www-form-urlencoded, , 
[02-09-2020 12:42:12] PayPal\Core\PayPalHttpConnection : DEBUG: Request Data		: grant_type=client_credentials
--------------------------------------------------------------------------------------------------------------------------------

[02-09-2020 12:42:12] PayPal\Core\PayPalHttpConnection : INFO: Response Status 	: 200
[02-09-2020 12:42:12] PayPal\Core\PayPalHttpConnection : DEBUG: Response Headers	: Cache-Control: max-age=0, no-cache, no-store, must-revalidate, Content-Length: 918, Content-Type: application/json, Date: Wed, 02 Sep 2020 12:42:11 GMT, Paypal-Debug-Id: e8984b2897912, X-Paypal-Token-Service: IAAS, 
[02-09-2020 12:42:12] PayPal\Core\PayPalHttpConnection : DEBUG: Response Data 	: {"scope":"https://uri.paypal.com/services/invoicing https://uri.paypal.com/services/disputes/read-buyer https://uri.paypal.com/services/payments/realtimepayment https://uri.paypal.com/services/disputes/update-seller https://uri.paypal.com/services/payments/payment/authcapture openid https://uri.paypal.com/services/disputes/read-seller https://uri.paypal.com/services/payments/refund https://api.paypal.com/v1/vault/credit-card https://api.paypal.com/v1/payments/.* https://uri.paypal.com/payments/payouts https://api.paypal.com/v1/vault/credit-card/.* https://uri.paypal.com/services/subscriptions https://uri.paypal.com/services/applications/webhooks","access_token":"A21AAGXgSw_r1nXGNVcilz0mz9-hbE0e-e9BedYfMgxg-gxcm9zYhmpvVRa_DkyWrBKqHsXT3c5nXyzP85hYpvSqeiiszNdow","token_type":"Bearer","app_id":"APP-80W284485P519543T","expires_in":32037,"nonce":"2020-09-02T12:36:08Za8_vR616bj3rl8Hdyg6X5fuAmJHS2IyUMWd6_CYTjIo"}

================================================================================================================================

[02-09-2020 12:42:12] PayPal\Core\PayPalHttpConnection : INFO: POST https://api.sandbox.paypal.com/v1/vault/credit-cards
[02-09-2020 12:42:13] PayPal\Core\PayPalHttpConnection : DEBUG: Request Headers 	: POST /v1/vault/credit-cards HTTP/1.1, Host: api.sandbox.paypal.com, Accept: */*, Content-Type: application/json, User-Agent: PayPalSDK/PayPal-PHP-SDK 1.14.0 (platform-ver=7.2.31; bit=64; os=Windows_NT_10.0; machine=AMD64; crypto-lib-ver=1.1.1g; curl=7.67.0), Authorization: Bearer A21AAGXgSw_r1nXGNVcilz0mz9-hbE0e-e9BedYfMgxg-gxcm9zYhmpvVRa_DkyWrBKqHsXT3c5nXyzP85hYpvSqeiiszNdow, Content-Length: 132, , 
[02-09-2020 12:42:13] PayPal\Core\PayPalHttpConnection : DEBUG: Request Data		: {"number":"4032032476376683","type":"visa","expire_month":2,"expire_year":2023,"cvv2":"123","first_name":"Hetal","last_name":"rana"}
--------------------------------------------------------------------------------------------------------------------------------

[02-09-2020 12:42:13] PayPal\Core\PayPalHttpConnection : INFO: Response Status 	: 201
[02-09-2020 12:42:13] PayPal\Core\PayPalHttpConnection : DEBUG: Response Headers	: Cache-Control: max-age=0, no-cache, no-store, must-revalidate, Content-Length: 668, Content-Type: application/json, Date: Wed, 02 Sep 2020 12:42:12 GMT, Paypal-Debug-Id: ad6915d801526, 
[02-09-2020 12:42:13] PayPal\Core\PayPalHttpConnection : DEBUG: Response Data 	: {"id":"CARD-47H73958XY5152634L5HZGJA","state":"ok","type":"visa","number":"xxxxxxxxxxxx6683","expire_month":"2","expire_year":"2023","first_name":"Hetal","last_name":"rana","valid_until":"2023-09-02T00:00:00Z","create_time":"2020-09-02T12:42:12Z","update_time":"2020-09-02T12:42:12Z","links":[{"href":"https://api.sandbox.paypal.com/v1/vault/credit-cards/CARD-47H73958XY5152634L5HZGJA","rel":"self","method":"GET"},{"href":"https://api.sandbox.paypal.com/v1/vault/credit-cards/CARD-47H73958XY5152634L5HZGJA","rel":"delete","method":"DELETE"},{"href":"https://api.sandbox.paypal.com/v1/vault/credit-cards/CARD-47H73958XY5152634L5HZGJA","rel":"patch","method":"PATCH"}]}

================================================================================================================================

[02-09-2020 12:44:00] PayPal\Core\PayPalHttpConnection : INFO: POST https://api.sandbox.paypal.com/v1/oauth2/token
[02-09-2020 12:44:01] PayPal\Core\PayPalHttpConnection : DEBUG: Request Headers 	: POST /v1/oauth2/token HTTP/1.1, Host: api.sandbox.paypal.com, User-Agent: PayPalSDK/PayPal-PHP-SDK 1.14.0 (platform-ver=7.2.31; bit=64; os=Windows_NT_10.0; machine=AMD64; crypto-lib-ver=1.1.1g; curl=7.67.0), Authorization: Basic QWZjUDBMcFJrdjMtYWlfMkdDZ2tsRGgzVVhUVk9WTzlyX3hPaTF3VjU5VzVIdERlWENMLW02SWxmX2twYUhPTG1DSG5GVTF6eEpQT2NBSHk6RUp6UUxoSDNiNUpkTWFPU2RHdmRZYW5hNHgwR0xoT2R2ei1hTUQxeFJJNUhfUk5aWjZSY0UzbDJ6c1d0OThBUVkzTmwxSEVwOTJ0QVNvWFY=, Accept: */*, Content-Length: 29, Content-Type: application/x-www-form-urlencoded, , 
[02-09-2020 12:44:01] PayPal\Core\PayPalHttpConnection : DEBUG: Request Data		: grant_type=client_credentials
--------------------------------------------------------------------------------------------------------------------------------

[02-09-2020 12:44:01] PayPal\Core\PayPalHttpConnection : INFO: Response Status 	: 200
[02-09-2020 12:44:01] PayPal\Core\PayPalHttpConnection : DEBUG: Response Headers	: Cache-Control: max-age=0, no-cache, no-store, must-revalidate, Content-Length: 918, Content-Type: application/json, Date: Wed, 02 Sep 2020 12:44:01 GMT, Paypal-Debug-Id: 54c6b7cee1657, X-Paypal-Token-Service: IAAS, 
[02-09-2020 12:44:01] PayPal\Core\PayPalHttpConnection : DEBUG: Response Data 	: {"scope":"https://uri.paypal.com/services/invoicing https://uri.paypal.com/services/disputes/read-buyer https://uri.paypal.com/services/payments/realtimepayment https://uri.paypal.com/services/disputes/update-seller https://uri.paypal.com/services/payments/payment/authcapture openid https://uri.paypal.com/services/disputes/read-seller https://uri.paypal.com/services/payments/refund https://api.paypal.com/v1/vault/credit-card https://api.paypal.com/v1/payments/.* https://uri.paypal.com/payments/payouts https://api.paypal.com/v1/vault/credit-card/.* https://uri.paypal.com/services/subscriptions https://uri.paypal.com/services/applications/webhooks","access_token":"A21AAGXgSw_r1nXGNVcilz0mz9-hbE0e-e9BedYfMgxg-gxcm9zYhmpvVRa_DkyWrBKqHsXT3c5nXyzP85hYpvSqeiiszNdow","token_type":"Bearer","app_id":"APP-80W284485P519543T","expires_in":31927,"nonce":"2020-09-02T12:36:08Za8_vR616bj3rl8Hdyg6X5fuAmJHS2IyUMWd6_CYTjIo"}

================================================================================================================================

[02-09-2020 12:44:01] PayPal\Core\PayPalHttpConnection : INFO: POST https://api.sandbox.paypal.com/v1/vault/credit-cards
[02-09-2020 12:44:03] PayPal\Core\PayPalHttpConnection : DEBUG: Request Headers 	: POST /v1/vault/credit-cards HTTP/1.1, Host: api.sandbox.paypal.com, Accept: */*, Content-Type: application/json, User-Agent: PayPalSDK/PayPal-PHP-SDK 1.14.0 (platform-ver=7.2.31; bit=64; os=Windows_NT_10.0; machine=AMD64; crypto-lib-ver=1.1.1g; curl=7.67.0), Authorization: Bearer A21AAGXgSw_r1nXGNVcilz0mz9-hbE0e-e9BedYfMgxg-gxcm9zYhmpvVRa_DkyWrBKqHsXT3c5nXyzP85hYpvSqeiiszNdow, Content-Length: 132, , 
[02-09-2020 12:44:03] PayPal\Core\PayPalHttpConnection : DEBUG: Request Data		: {"number":"4032032476376683","type":"visa","expire_month":2,"expire_year":2023,"cvv2":"123","first_name":"Hetal","last_name":"rana"}
--------------------------------------------------------------------------------------------------------------------------------

[02-09-2020 12:44:03] PayPal\Core\PayPalHttpConnection : INFO: Response Status 	: 201
[02-09-2020 12:44:03] PayPal\Core\PayPalHttpConnection : DEBUG: Response Headers	: Cache-Control: max-age=0, no-cache, no-store, must-revalidate, Content-Length: 668, Content-Type: application/json, Date: Wed, 02 Sep 2020 12:44:02 GMT, Paypal-Debug-Id: 53f642f1d1b5c, 
[02-09-2020 12:44:03] PayPal\Core\PayPalHttpConnection : DEBUG: Response Data 	: {"id":"CARD-2YT67675YX828113RL5HZHEQ","state":"ok","type":"visa","number":"xxxxxxxxxxxx6683","expire_month":"2","expire_year":"2023","first_name":"Hetal","last_name":"rana","valid_until":"2023-09-02T00:00:00Z","create_time":"2020-09-02T12:44:02Z","update_time":"2020-09-02T12:44:02Z","links":[{"href":"https://api.sandbox.paypal.com/v1/vault/credit-cards/CARD-2YT67675YX828113RL5HZHEQ","rel":"self","method":"GET"},{"href":"https://api.sandbox.paypal.com/v1/vault/credit-cards/CARD-2YT67675YX828113RL5HZHEQ","rel":"delete","method":"DELETE"},{"href":"https://api.sandbox.paypal.com/v1/vault/credit-cards/CARD-2YT67675YX828113RL5HZHEQ","rel":"patch","method":"PATCH"}]}

================================================================================================================================

[02-09-2020 12:44:11] PayPal\Core\PayPalHttpConnection : INFO: POST https://api.sandbox.paypal.com/v1/oauth2/token
[02-09-2020 12:44:12] PayPal\Core\PayPalHttpConnection : DEBUG: Request Headers 	: POST /v1/oauth2/token HTTP/1.1, Host: api.sandbox.paypal.com, User-Agent: PayPalSDK/PayPal-PHP-SDK 1.14.0 (platform-ver=7.2.31; bit=64; os=Windows_NT_10.0; machine=AMD64; crypto-lib-ver=1.1.1g; curl=7.67.0), Authorization: Basic QWZjUDBMcFJrdjMtYWlfMkdDZ2tsRGgzVVhUVk9WTzlyX3hPaTF3VjU5VzVIdERlWENMLW02SWxmX2twYUhPTG1DSG5GVTF6eEpQT2NBSHk6RUp6UUxoSDNiNUpkTWFPU2RHdmRZYW5hNHgwR0xoT2R2ei1hTUQxeFJJNUhfUk5aWjZSY0UzbDJ6c1d0OThBUVkzTmwxSEVwOTJ0QVNvWFY=, Accept: */*, Content-Length: 29, Content-Type: application/x-www-form-urlencoded, , 
[02-09-2020 12:44:13] PayPal\Core\PayPalHttpConnection : DEBUG: Request Data		: grant_type=client_credentials
--------------------------------------------------------------------------------------------------------------------------------

[02-09-2020 12:44:13] PayPal\Core\PayPalHttpConnection : INFO: Response Status 	: 200
[02-09-2020 12:44:13] PayPal\Core\PayPalHttpConnection : DEBUG: Response Headers	: Cache-Control: max-age=0, no-cache, no-store, must-revalidate, Content-Length: 918, Content-Type: application/json, Date: Wed, 02 Sep 2020 12:44:11 GMT, Paypal-Debug-Id: 5606e37a5a801, X-Paypal-Token-Service: IAAS, 
[02-09-2020 12:44:13] PayPal\Core\PayPalHttpConnection : DEBUG: Response Data 	: {"scope":"https://uri.paypal.com/services/invoicing https://uri.paypal.com/services/disputes/read-buyer https://uri.paypal.com/services/payments/realtimepayment https://uri.paypal.com/services/disputes/update-seller https://uri.paypal.com/services/payments/payment/authcapture openid https://uri.paypal.com/services/disputes/read-seller https://uri.paypal.com/services/payments/refund https://api.paypal.com/v1/vault/credit-card https://api.paypal.com/v1/payments/.* https://uri.paypal.com/payments/payouts https://api.paypal.com/v1/vault/credit-card/.* https://uri.paypal.com/services/subscriptions https://uri.paypal.com/services/applications/webhooks","access_token":"A21AAGXgSw_r1nXGNVcilz0mz9-hbE0e-e9BedYfMgxg-gxcm9zYhmpvVRa_DkyWrBKqHsXT3c5nXyzP85hYpvSqeiiszNdow","token_type":"Bearer","app_id":"APP-80W284485P519543T","expires_in":31916,"nonce":"2020-09-02T12:36:08Za8_vR616bj3rl8Hdyg6X5fuAmJHS2IyUMWd6_CYTjIo"}

================================================================================================================================

[02-09-2020 12:44:13] PayPal\Core\PayPalHttpConnection : INFO: POST https://api.sandbox.paypal.com/v1/vault/credit-cards
[02-09-2020 12:44:14] PayPal\Core\PayPalHttpConnection : DEBUG: Request Headers 	: POST /v1/vault/credit-cards HTTP/1.1, Host: api.sandbox.paypal.com, Accept: */*, Content-Type: application/json, User-Agent: PayPalSDK/PayPal-PHP-SDK 1.14.0 (platform-ver=7.2.31; bit=64; os=Windows_NT_10.0; machine=AMD64; crypto-lib-ver=1.1.1g; curl=7.67.0), Authorization: Bearer A21AAGXgSw_r1nXGNVcilz0mz9-hbE0e-e9BedYfMgxg-gxcm9zYhmpvVRa_DkyWrBKqHsXT3c5nXyzP85hYpvSqeiiszNdow, Content-Length: 132, , 
[02-09-2020 12:44:14] PayPal\Core\PayPalHttpConnection : DEBUG: Request Data		: {"number":"4032032476376683","type":"visa","expire_month":2,"expire_year":2023,"cvv2":"123","first_name":"Hetal","last_name":"rana"}
--------------------------------------------------------------------------------------------------------------------------------

[02-09-2020 12:44:14] PayPal\Core\PayPalHttpConnection : INFO: Response Status 	: 201
[02-09-2020 12:44:14] PayPal\Core\PayPalHttpConnection : DEBUG: Response Headers	: Cache-Control: max-age=0, no-cache, no-store, must-revalidate, Content-Length: 668, Content-Type: application/json, Date: Wed, 02 Sep 2020 12:44:13 GMT, Paypal-Debug-Id: 1908c2176cbed, 
[02-09-2020 12:44:14] PayPal\Core\PayPalHttpConnection : DEBUG: Response Data 	: {"id":"CARD-2W298408717656058L5HZHHI","state":"ok","type":"visa","number":"xxxxxxxxxxxx6683","expire_month":"2","expire_year":"2023","first_name":"Hetal","last_name":"rana","valid_until":"2023-09-02T00:00:00Z","create_time":"2020-09-02T12:44:13Z","update_time":"2020-09-02T12:44:13Z","links":[{"href":"https://api.sandbox.paypal.com/v1/vault/credit-cards/CARD-2W298408717656058L5HZHHI","rel":"self","method":"GET"},{"href":"https://api.sandbox.paypal.com/v1/vault/credit-cards/CARD-2W298408717656058L5HZHHI","rel":"delete","method":"DELETE"},{"href":"https://api.sandbox.paypal.com/v1/vault/credit-cards/CARD-2W298408717656058L5HZHHI","rel":"patch","method":"PATCH"}]}

================================================================================================================================

[02-09-2020 12:44:14] PayPal\Core\PayPalHttpConnection : INFO: GET https://api.sandbox.paypal.com/v1/vault/credit-cards/CARD-2W298408717656058L5HZHHI
[02-09-2020 12:44:15] PayPal\Core\PayPalHttpConnection : DEBUG: Request Headers 	: GET /v1/vault/credit-cards/CARD-2W298408717656058L5HZHHI HTTP/1.1, Host: api.sandbox.paypal.com, Accept: */*, Content-Type: application/json, User-Agent: PayPalSDK/PayPal-PHP-SDK 1.14.0 (platform-ver=7.2.31; bit=64; os=Windows_NT_10.0; machine=AMD64; crypto-lib-ver=1.1.1g; curl=7.67.0), Authorization: Bearer A21AAGXgSw_r1nXGNVcilz0mz9-hbE0e-e9BedYfMgxg-gxcm9zYhmpvVRa_DkyWrBKqHsXT3c5nXyzP85hYpvSqeiiszNdow, , 
[02-09-2020 12:44:15] PayPal\Core\PayPalHttpConnection : DEBUG: No Request Payload
--------------------------------------------------------------------------------------------------------------------------------

[02-09-2020 12:44:15] PayPal\Core\PayPalHttpConnection : INFO: Response Status 	: 200
[02-09-2020 12:44:15] PayPal\Core\PayPalHttpConnection : DEBUG: Response Headers	: Cache-Control: max-age=0, no-cache, no-store, must-revalidate, Content-Length: 668, Content-Type: application/json, Date: Wed, 02 Sep 2020 12:44:14 GMT, Paypal-Debug-Id: 29151fa56a692, 
[02-09-2020 12:44:15] PayPal\Core\PayPalHttpConnection : DEBUG: Response Data 	: {"id":"CARD-2W298408717656058L5HZHHI","state":"ok","type":"visa","number":"xxxxxxxxxxxx6683","expire_month":"2","expire_year":"2023","first_name":"Hetal","last_name":"rana","valid_until":"2023-09-02T00:00:00Z","create_time":"2020-09-02T12:44:13Z","update_time":"2020-09-02T12:44:13Z","links":[{"href":"https://api.sandbox.paypal.com/v1/vault/credit-cards/CARD-2W298408717656058L5HZHHI","rel":"self","method":"GET"},{"href":"https://api.sandbox.paypal.com/v1/vault/credit-cards/CARD-2W298408717656058L5HZHHI","rel":"delete","method":"DELETE"},{"href":"https://api.sandbox.paypal.com/v1/vault/credit-cards/CARD-2W298408717656058L5HZHHI","rel":"patch","method":"PATCH"}]}

================================================================================================================================

[02-09-2020 12:44:40] PayPal\Core\PayPalHttpConnection : INFO: POST https://api.sandbox.paypal.com/v1/oauth2/token
[02-09-2020 12:44:41] PayPal\Core\PayPalHttpConnection : DEBUG: Request Headers 	: POST /v1/oauth2/token HTTP/1.1, Host: api.sandbox.paypal.com, User-Agent: PayPalSDK/PayPal-PHP-SDK 1.14.0 (platform-ver=7.2.31; bit=64; os=Windows_NT_10.0; machine=AMD64; crypto-lib-ver=1.1.1g; curl=7.67.0), Authorization: Basic QWZjUDBMcFJrdjMtYWlfMkdDZ2tsRGgzVVhUVk9WTzlyX3hPaTF3VjU5VzVIdERlWENMLW02SWxmX2twYUhPTG1DSG5GVTF6eEpQT2NBSHk6RUp6UUxoSDNiNUpkTWFPU2RHdmRZYW5hNHgwR0xoT2R2ei1hTUQxeFJJNUhfUk5aWjZSY0UzbDJ6c1d0OThBUVkzTmwxSEVwOTJ0QVNvWFY=, Accept: */*, Content-Length: 29, Content-Type: application/x-www-form-urlencoded, , 
[02-09-2020 12:44:41] PayPal\Core\PayPalHttpConnection : DEBUG: Request Data		: grant_type=client_credentials
--------------------------------------------------------------------------------------------------------------------------------

[02-09-2020 12:44:41] PayPal\Core\PayPalHttpConnection : INFO: Response Status 	: 200
[02-09-2020 12:44:41] PayPal\Core\PayPalHttpConnection : DEBUG: Response Headers	: Cache-Control: max-age=0, no-cache, no-store, must-revalidate, Content-Length: 918, Content-Type: application/json, Date: Wed, 02 Sep 2020 12:44:40 GMT, Paypal-Debug-Id: 77ee49cd6943e, X-Paypal-Token-Service: IAAS, 
[02-09-2020 12:44:41] PayPal\Core\PayPalHttpConnection : DEBUG: Response Data 	: {"scope":"https://uri.paypal.com/services/invoicing https://uri.paypal.com/services/disputes/read-buyer https://uri.paypal.com/services/payments/realtimepayment https://uri.paypal.com/services/disputes/update-seller https://uri.paypal.com/services/payments/payment/authcapture openid https://uri.paypal.com/services/disputes/read-seller https://uri.paypal.com/services/payments/refund https://api.paypal.com/v1/vault/credit-card https://api.paypal.com/v1/payments/.* https://uri.paypal.com/payments/payouts https://api.paypal.com/v1/vault/credit-card/.* https://uri.paypal.com/services/subscriptions https://uri.paypal.com/services/applications/webhooks","access_token":"A21AAGXgSw_r1nXGNVcilz0mz9-hbE0e-e9BedYfMgxg-gxcm9zYhmpvVRa_DkyWrBKqHsXT3c5nXyzP85hYpvSqeiiszNdow","token_type":"Bearer","app_id":"APP-80W284485P519543T","expires_in":31887,"nonce":"2020-09-02T12:36:08Za8_vR616bj3rl8Hdyg6X5fuAmJHS2IyUMWd6_CYTjIo"}

================================================================================================================================

[02-09-2020 12:44:41] PayPal\Core\PayPalHttpConnection : INFO: POST https://api.sandbox.paypal.com/v1/vault/credit-cards
[02-09-2020 12:44:42] PayPal\Core\PayPalHttpConnection : DEBUG: Request Headers 	: POST /v1/vault/credit-cards HTTP/1.1, Host: api.sandbox.paypal.com, Accept: */*, Content-Type: application/json, User-Agent: PayPalSDK/PayPal-PHP-SDK 1.14.0 (platform-ver=7.2.31; bit=64; os=Windows_NT_10.0; machine=AMD64; crypto-lib-ver=1.1.1g; curl=7.67.0), Authorization: Bearer A21AAGXgSw_r1nXGNVcilz0mz9-hbE0e-e9BedYfMgxg-gxcm9zYhmpvVRa_DkyWrBKqHsXT3c5nXyzP85hYpvSqeiiszNdow, Content-Length: 132, , 
[02-09-2020 12:44:42] PayPal\Core\PayPalHttpConnection : DEBUG: Request Data		: {"number":"4032032476376683","type":"visa","expire_month":2,"expire_year":2023,"cvv2":"123","first_name":"Hetal","last_name":"rana"}
--------------------------------------------------------------------------------------------------------------------------------

[02-09-2020 12:44:42] PayPal\Core\PayPalHttpConnection : INFO: Response Status 	: 201
[02-09-2020 12:44:42] PayPal\Core\PayPalHttpConnection : DEBUG: Response Headers	: Cache-Control: max-age=0, no-cache, no-store, must-revalidate, Content-Length: 668, Content-Type: application/json, Date: Wed, 02 Sep 2020 12:44:41 GMT, Paypal-Debug-Id: e2621fa4d4466, 
[02-09-2020 12:44:42] PayPal\Core\PayPalHttpConnection : DEBUG: Response Data 	: {"id":"CARD-9FW991004E842144ML5HZHOQ","state":"ok","type":"visa","number":"xxxxxxxxxxxx6683","expire_month":"2","expire_year":"2023","first_name":"Hetal","last_name":"rana","valid_until":"2023-09-02T00:00:00Z","create_time":"2020-09-02T12:44:42Z","update_time":"2020-09-02T12:44:42Z","links":[{"href":"https://api.sandbox.paypal.com/v1/vault/credit-cards/CARD-9FW991004E842144ML5HZHOQ","rel":"self","method":"GET"},{"href":"https://api.sandbox.paypal.com/v1/vault/credit-cards/CARD-9FW991004E842144ML5HZHOQ","rel":"delete","method":"DELETE"},{"href":"https://api.sandbox.paypal.com/v1/vault/credit-cards/CARD-9FW991004E842144ML5HZHOQ","rel":"patch","method":"PATCH"}]}

================================================================================================================================

[02-09-2020 12:44:42] PayPal\Core\PayPalHttpConnection : INFO: GET https://api.sandbox.paypal.com/v1/vault/credit-cards/CARD-2W298408717656058L5HZHHI
[02-09-2020 12:44:43] PayPal\Core\PayPalHttpConnection : DEBUG: Request Headers 	: GET /v1/vault/credit-cards/CARD-2W298408717656058L5HZHHI HTTP/1.1, Host: api.sandbox.paypal.com, Accept: */*, Content-Type: application/json, User-Agent: PayPalSDK/PayPal-PHP-SDK 1.14.0 (platform-ver=7.2.31; bit=64; os=Windows_NT_10.0; machine=AMD64; crypto-lib-ver=1.1.1g; curl=7.67.0), Authorization: Bearer A21AAGXgSw_r1nXGNVcilz0mz9-hbE0e-e9BedYfMgxg-gxcm9zYhmpvVRa_DkyWrBKqHsXT3c5nXyzP85hYpvSqeiiszNdow, , 
[02-09-2020 12:44:43] PayPal\Core\PayPalHttpConnection : DEBUG: No Request Payload
--------------------------------------------------------------------------------------------------------------------------------

[02-09-2020 12:44:43] PayPal\Core\PayPalHttpConnection : INFO: Response Status 	: 200
[02-09-2020 12:44:43] PayPal\Core\PayPalHttpConnection : DEBUG: Response Headers	: Cache-Control: max-age=0, no-cache, no-store, must-revalidate, Content-Length: 668, Content-Type: application/json, Date: Wed, 02 Sep 2020 12:44:43 GMT, Paypal-Debug-Id: 3e5ede98ecf33, 
[02-09-2020 12:44:43] PayPal\Core\PayPalHttpConnection : DEBUG: Response Data 	: {"id":"CARD-2W298408717656058L5HZHHI","state":"ok","type":"visa","number":"xxxxxxxxxxxx6683","expire_month":"2","expire_year":"2023","first_name":"Hetal","last_name":"rana","valid_until":"2023-09-02T00:00:00Z","create_time":"2020-09-02T12:44:13Z","update_time":"2020-09-02T12:44:13Z","links":[{"href":"https://api.sandbox.paypal.com/v1/vault/credit-cards/CARD-2W298408717656058L5HZHHI","rel":"self","method":"GET"},{"href":"https://api.sandbox.paypal.com/v1/vault/credit-cards/CARD-2W298408717656058L5HZHHI","rel":"delete","method":"DELETE"},{"href":"https://api.sandbox.paypal.com/v1/vault/credit-cards/CARD-2W298408717656058L5HZHHI","rel":"patch","method":"PATCH"}]}

================================================================================================================================

[02-09-2020 12:45:24] PayPal\Core\PayPalHttpConnection : INFO: POST https://api.sandbox.paypal.com/v1/oauth2/token
[02-09-2020 12:45:25] PayPal\Core\PayPalHttpConnection : DEBUG: Request Headers 	: POST /v1/oauth2/token HTTP/1.1, Host: api.sandbox.paypal.com, User-Agent: PayPalSDK/PayPal-PHP-SDK 1.14.0 (platform-ver=7.2.31; bit=64; os=Windows_NT_10.0; machine=AMD64; crypto-lib-ver=1.1.1g; curl=7.67.0), Authorization: Basic QWZjUDBMcFJrdjMtYWlfMkdDZ2tsRGgzVVhUVk9WTzlyX3hPaTF3VjU5VzVIdERlWENMLW02SWxmX2twYUhPTG1DSG5GVTF6eEpQT2NBSHk6RUp6UUxoSDNiNUpkTWFPU2RHdmRZYW5hNHgwR0xoT2R2ei1hTUQxeFJJNUhfUk5aWjZSY0UzbDJ6c1d0OThBUVkzTmwxSEVwOTJ0QVNvWFY=, Accept: */*, Content-Length: 29, Content-Type: application/x-www-form-urlencoded, , 
[02-09-2020 12:45:25] PayPal\Core\PayPalHttpConnection : DEBUG: Request Data		: grant_type=client_credentials
--------------------------------------------------------------------------------------------------------------------------------

[02-09-2020 12:45:25] PayPal\Core\PayPalHttpConnection : INFO: Response Status 	: 200
[02-09-2020 12:45:25] PayPal\Core\PayPalHttpConnection : DEBUG: Response Headers	: Cache-Control: max-age=0, no-cache, no-store, must-revalidate, Content-Length: 918, Content-Type: application/json, Date: Wed, 02 Sep 2020 12:45:24 GMT, Paypal-Debug-Id: 3f0aba3da38bd, X-Paypal-Token-Service: IAAS, 
[02-09-2020 12:45:25] PayPal\Core\PayPalHttpConnection : DEBUG: Response Data 	: {"scope":"https://uri.paypal.com/services/invoicing https://uri.paypal.com/services/disputes/read-buyer https://uri.paypal.com/services/payments/realtimepayment https://uri.paypal.com/services/disputes/update-seller https://uri.paypal.com/services/payments/payment/authcapture openid https://uri.paypal.com/services/disputes/read-seller https://uri.paypal.com/services/payments/refund https://api.paypal.com/v1/vault/credit-card https://api.paypal.com/v1/payments/.* https://uri.paypal.com/payments/payouts https://api.paypal.com/v1/vault/credit-card/.* https://uri.paypal.com/services/subscriptions https://uri.paypal.com/services/applications/webhooks","access_token":"A21AAGXgSw_r1nXGNVcilz0mz9-hbE0e-e9BedYfMgxg-gxcm9zYhmpvVRa_DkyWrBKqHsXT3c5nXyzP85hYpvSqeiiszNdow","token_type":"Bearer","app_id":"APP-80W284485P519543T","expires_in":31844,"nonce":"2020-09-02T12:36:08Za8_vR616bj3rl8Hdyg6X5fuAmJHS2IyUMWd6_CYTjIo"}

================================================================================================================================

[02-09-2020 12:45:25] PayPal\Core\PayPalHttpConnection : INFO: POST https://api.sandbox.paypal.com/v1/vault/credit-cards
[02-09-2020 12:45:26] PayPal\Core\PayPalHttpConnection : DEBUG: Request Headers 	: POST /v1/vault/credit-cards HTTP/1.1, Host: api.sandbox.paypal.com, Accept: */*, Content-Type: application/json, User-Agent: PayPalSDK/PayPal-PHP-SDK 1.14.0 (platform-ver=7.2.31; bit=64; os=Windows_NT_10.0; machine=AMD64; crypto-lib-ver=1.1.1g; curl=7.67.0), Authorization: Bearer A21AAGXgSw_r1nXGNVcilz0mz9-hbE0e-e9BedYfMgxg-gxcm9zYhmpvVRa_DkyWrBKqHsXT3c5nXyzP85hYpvSqeiiszNdow, Content-Length: 132, , 
[02-09-2020 12:45:26] PayPal\Core\PayPalHttpConnection : DEBUG: Request Data		: {"number":"4032032476376683","type":"visa","expire_month":2,"expire_year":2023,"cvv2":"123","first_name":"Hetal","last_name":"rana"}
--------------------------------------------------------------------------------------------------------------------------------

[02-09-2020 12:45:26] PayPal\Core\PayPalHttpConnection : INFO: Response Status 	: 201
[02-09-2020 12:45:26] PayPal\Core\PayPalHttpConnection : DEBUG: Response Headers	: Cache-Control: max-age=0, no-cache, no-store, must-revalidate, Content-Length: 668, Content-Type: application/json, Date: Wed, 02 Sep 2020 12:45:25 GMT, Paypal-Debug-Id: 3a1c7d1042dec, 
[02-09-2020 12:45:26] PayPal\Core\PayPalHttpConnection : DEBUG: Response Data 	: {"id":"CARD-53K19349KH2461947L5HZHZI","state":"ok","type":"visa","number":"xxxxxxxxxxxx6683","expire_month":"2","expire_year":"2023","first_name":"Hetal","last_name":"rana","valid_until":"2023-09-02T00:00:00Z","create_time":"2020-09-02T12:45:25Z","update_time":"2020-09-02T12:45:25Z","links":[{"href":"https://api.sandbox.paypal.com/v1/vault/credit-cards/CARD-53K19349KH2461947L5HZHZI","rel":"self","method":"GET"},{"href":"https://api.sandbox.paypal.com/v1/vault/credit-cards/CARD-53K19349KH2461947L5HZHZI","rel":"delete","method":"DELETE"},{"href":"https://api.sandbox.paypal.com/v1/vault/credit-cards/CARD-53K19349KH2461947L5HZHZI","rel":"patch","method":"PATCH"}]}

================================================================================================================================

[02-09-2020 12:45:26] PayPal\Core\PayPalHttpConnection : INFO: GET https://api.sandbox.paypal.com/v1/vault/credit-cards/CARD-2W298408717656058L5HZHHI
[02-09-2020 12:45:27] PayPal\Core\PayPalHttpConnection : DEBUG: Request Headers 	: GET /v1/vault/credit-cards/CARD-2W298408717656058L5HZHHI HTTP/1.1, Host: api.sandbox.paypal.com, Accept: */*, Content-Type: application/json, User-Agent: PayPalSDK/PayPal-PHP-SDK 1.14.0 (platform-ver=7.2.31; bit=64; os=Windows_NT_10.0; machine=AMD64; crypto-lib-ver=1.1.1g; curl=7.67.0), Authorization: Bearer A21AAGXgSw_r1nXGNVcilz0mz9-hbE0e-e9BedYfMgxg-gxcm9zYhmpvVRa_DkyWrBKqHsXT3c5nXyzP85hYpvSqeiiszNdow, , 
[02-09-2020 12:45:27] PayPal\Core\PayPalHttpConnection : DEBUG: No Request Payload
--------------------------------------------------------------------------------------------------------------------------------

[02-09-2020 12:45:27] PayPal\Core\PayPalHttpConnection : INFO: Response Status 	: 200
[02-09-2020 12:45:27] PayPal\Core\PayPalHttpConnection : DEBUG: Response Headers	: Cache-Control: max-age=0, no-cache, no-store, must-revalidate, Content-Length: 668, Content-Type: application/json, Date: Wed, 02 Sep 2020 12:45:27 GMT, Paypal-Debug-Id: eb1545a66399a, 
[02-09-2020 12:45:27] PayPal\Core\PayPalHttpConnection : DEBUG: Response Data 	: {"id":"CARD-2W298408717656058L5HZHHI","state":"ok","type":"visa","number":"xxxxxxxxxxxx6683","expire_month":"2","expire_year":"2023","first_name":"Hetal","last_name":"rana","valid_until":"2023-09-02T00:00:00Z","create_time":"2020-09-02T12:44:13Z","update_time":"2020-09-02T12:44:13Z","links":[{"href":"https://api.sandbox.paypal.com/v1/vault/credit-cards/CARD-2W298408717656058L5HZHHI","rel":"self","method":"GET"},{"href":"https://api.sandbox.paypal.com/v1/vault/credit-cards/CARD-2W298408717656058L5HZHHI","rel":"delete","method":"DELETE"},{"href":"https://api.sandbox.paypal.com/v1/vault/credit-cards/CARD-2W298408717656058L5HZHHI","rel":"patch","method":"PATCH"}]}

================================================================================================================================

[02-09-2020 12:47:45] PayPal\Core\PayPalHttpConnection : INFO: POST https://api.sandbox.paypal.com/v1/oauth2/token
[02-09-2020 12:47:46] PayPal\Core\PayPalHttpConnection : DEBUG: Request Headers 	: POST /v1/oauth2/token HTTP/1.1, Host: api.sandbox.paypal.com, User-Agent: PayPalSDK/PayPal-PHP-SDK 1.14.0 (platform-ver=7.2.31; bit=64; os=Windows_NT_10.0; machine=AMD64; crypto-lib-ver=1.1.1g; curl=7.67.0), Authorization: Basic QWZjUDBMcFJrdjMtYWlfMkdDZ2tsRGgzVVhUVk9WTzlyX3hPaTF3VjU5VzVIdERlWENMLW02SWxmX2twYUhPTG1DSG5GVTF6eEpQT2NBSHk6RUp6UUxoSDNiNUpkTWFPU2RHdmRZYW5hNHgwR0xoT2R2ei1hTUQxeFJJNUhfUk5aWjZSY0UzbDJ6c1d0OThBUVkzTmwxSEVwOTJ0QVNvWFY=, Accept: */*, Content-Length: 29, Content-Type: application/x-www-form-urlencoded, , 
[02-09-2020 12:47:46] PayPal\Core\PayPalHttpConnection : DEBUG: Request Data		: grant_type=client_credentials
--------------------------------------------------------------------------------------------------------------------------------

[02-09-2020 12:47:46] PayPal\Core\PayPalHttpConnection : INFO: Response Status 	: 200
[02-09-2020 12:47:46] PayPal\Core\PayPalHttpConnection : DEBUG: Response Headers	: Cache-Control: max-age=0, no-cache, no-store, must-revalidate, Content-Length: 918, Content-Type: application/json, Date: Wed, 02 Sep 2020 12:47:46 GMT, Paypal-Debug-Id: 68cb9c4614fcf, X-Paypal-Token-Service: IAAS, 
[02-09-2020 12:47:46] PayPal\Core\PayPalHttpConnection : DEBUG: Response Data 	: {"scope":"https://uri.paypal.com/services/invoicing https://uri.paypal.com/services/disputes/read-buyer https://uri.paypal.com/services/payments/realtimepayment https://uri.paypal.com/services/disputes/update-seller https://uri.paypal.com/services/payments/payment/authcapture openid https://uri.paypal.com/services/disputes/read-seller https://uri.paypal.com/services/payments/refund https://api.paypal.com/v1/vault/credit-card https://api.paypal.com/v1/payments/.* https://uri.paypal.com/payments/payouts https://api.paypal.com/v1/vault/credit-card/.* https://uri.paypal.com/services/subscriptions https://uri.paypal.com/services/applications/webhooks","access_token":"A21AAGXgSw_r1nXGNVcilz0mz9-hbE0e-e9BedYfMgxg-gxcm9zYhmpvVRa_DkyWrBKqHsXT3c5nXyzP85hYpvSqeiiszNdow","token_type":"Bearer","app_id":"APP-80W284485P519543T","expires_in":31702,"nonce":"2020-09-02T12:36:08Za8_vR616bj3rl8Hdyg6X5fuAmJHS2IyUMWd6_CYTjIo"}

================================================================================================================================

[02-09-2020 12:47:46] PayPal\Core\PayPalHttpConnection : INFO: POST https://api.sandbox.paypal.com/v1/vault/credit-cards
[02-09-2020 12:47:48] PayPal\Core\PayPalHttpConnection : DEBUG: Request Headers 	: POST /v1/vault/credit-cards HTTP/1.1, Host: api.sandbox.paypal.com, Accept: */*, Content-Type: application/json, User-Agent: PayPalSDK/PayPal-PHP-SDK 1.14.0 (platform-ver=7.2.31; bit=64; os=Windows_NT_10.0; machine=AMD64; crypto-lib-ver=1.1.1g; curl=7.67.0), Authorization: Bearer A21AAGXgSw_r1nXGNVcilz0mz9-hbE0e-e9BedYfMgxg-gxcm9zYhmpvVRa_DkyWrBKqHsXT3c5nXyzP85hYpvSqeiiszNdow, Content-Length: 132, , 
[02-09-2020 12:47:48] PayPal\Core\PayPalHttpConnection : DEBUG: Request Data		: {"number":"4032032476376683","type":"visa","expire_month":2,"expire_year":2023,"cvv2":"123","first_name":"Hetal","last_name":"rana"}
--------------------------------------------------------------------------------------------------------------------------------

[02-09-2020 12:47:48] PayPal\Core\PayPalHttpConnection : INFO: Response Status 	: 201
[02-09-2020 12:47:48] PayPal\Core\PayPalHttpConnection : DEBUG: Response Headers	: Cache-Control: max-age=0, no-cache, no-store, must-revalidate, Content-Length: 668, Content-Type: application/json, Date: Wed, 02 Sep 2020 12:47:47 GMT, Paypal-Debug-Id: 4336327deaf45, 
[02-09-2020 12:47:48] PayPal\Core\PayPalHttpConnection : DEBUG: Response Data 	: {"id":"CARD-17B47033LE762834GL5HZI4Y","state":"ok","type":"visa","number":"xxxxxxxxxxxx6683","expire_month":"2","expire_year":"2023","first_name":"Hetal","last_name":"rana","valid_until":"2023-09-02T00:00:00Z","create_time":"2020-09-02T12:47:47Z","update_time":"2020-09-02T12:47:47Z","links":[{"href":"https://api.sandbox.paypal.com/v1/vault/credit-cards/CARD-17B47033LE762834GL5HZI4Y","rel":"self","method":"GET"},{"href":"https://api.sandbox.paypal.com/v1/vault/credit-cards/CARD-17B47033LE762834GL5HZI4Y","rel":"delete","method":"DELETE"},{"href":"https://api.sandbox.paypal.com/v1/vault/credit-cards/CARD-17B47033LE762834GL5HZI4Y","rel":"patch","method":"PATCH"}]}

================================================================================================================================

[02-09-2020 12:47:48] PayPal\Core\PayPalHttpConnection : INFO: GET https://api.sandbox.paypal.com/v1/vault/credit-cards/CARD-2W298408717656058L5HZHHI
[02-09-2020 12:47:49] PayPal\Core\PayPalHttpConnection : DEBUG: Request Headers 	: GET /v1/vault/credit-cards/CARD-2W298408717656058L5HZHHI HTTP/1.1, Host: api.sandbox.paypal.com, Accept: */*, Content-Type: application/json, User-Agent: PayPalSDK/PayPal-PHP-SDK 1.14.0 (platform-ver=7.2.31; bit=64; os=Windows_NT_10.0; machine=AMD64; crypto-lib-ver=1.1.1g; curl=7.67.0), Authorization: Bearer A21AAGXgSw_r1nXGNVcilz0mz9-hbE0e-e9BedYfMgxg-gxcm9zYhmpvVRa_DkyWrBKqHsXT3c5nXyzP85hYpvSqeiiszNdow, , 
[02-09-2020 12:47:49] PayPal\Core\PayPalHttpConnection : DEBUG: No Request Payload
--------------------------------------------------------------------------------------------------------------------------------

[02-09-2020 12:47:49] PayPal\Core\PayPalHttpConnection : INFO: Response Status 	: 200
[02-09-2020 12:47:49] PayPal\Core\PayPalHttpConnection : DEBUG: Response Headers	: Cache-Control: max-age=0, no-cache, no-store, must-revalidate, Content-Length: 668, Content-Type: application/json, Date: Wed, 02 Sep 2020 12:47:48 GMT, Paypal-Debug-Id: 68daa67358a1b, 
[02-09-2020 12:47:49] PayPal\Core\PayPalHttpConnection : DEBUG: Response Data 	: {"id":"CARD-2W298408717656058L5HZHHI","state":"ok","type":"visa","number":"xxxxxxxxxxxx6683","expire_month":"2","expire_year":"2023","first_name":"Hetal","last_name":"rana","valid_until":"2023-09-02T00:00:00Z","create_time":"2020-09-02T12:44:13Z","update_time":"2020-09-02T12:44:13Z","links":[{"href":"https://api.sandbox.paypal.com/v1/vault/credit-cards/CARD-2W298408717656058L5HZHHI","rel":"self","method":"GET"},{"href":"https://api.sandbox.paypal.com/v1/vault/credit-cards/CARD-2W298408717656058L5HZHHI","rel":"delete","method":"DELETE"},{"href":"https://api.sandbox.paypal.com/v1/vault/credit-cards/CARD-2W298408717656058L5HZHHI","rel":"patch","method":"PATCH"}]}

================================================================================================================================

[02-09-2020 12:48:59] PayPal\Core\PayPalHttpConnection : INFO: POST https://api.sandbox.paypal.com/v1/oauth2/token
[02-09-2020 12:49:00] PayPal\Core\PayPalHttpConnection : DEBUG: Request Headers 	: POST /v1/oauth2/token HTTP/1.1, Host: api.sandbox.paypal.com, User-Agent: PayPalSDK/PayPal-PHP-SDK 1.14.0 (platform-ver=7.2.31; bit=64; os=Windows_NT_10.0; machine=AMD64; crypto-lib-ver=1.1.1g; curl=7.67.0), Authorization: Basic QWZjUDBMcFJrdjMtYWlfMkdDZ2tsRGgzVVhUVk9WTzlyX3hPaTF3VjU5VzVIdERlWENMLW02SWxmX2twYUhPTG1DSG5GVTF6eEpQT2NBSHk6RUp6UUxoSDNiNUpkTWFPU2RHdmRZYW5hNHgwR0xoT2R2ei1hTUQxeFJJNUhfUk5aWjZSY0UzbDJ6c1d0OThBUVkzTmwxSEVwOTJ0QVNvWFY=, Accept: */*, Content-Length: 29, Content-Type: application/x-www-form-urlencoded, , 
[02-09-2020 12:49:00] PayPal\Core\PayPalHttpConnection : DEBUG: Request Data		: grant_type=client_credentials
--------------------------------------------------------------------------------------------------------------------------------

[02-09-2020 12:49:00] PayPal\Core\PayPalHttpConnection : INFO: Response Status 	: 200
[02-09-2020 12:49:00] PayPal\Core\PayPalHttpConnection : DEBUG: Response Headers	: Cache-Control: max-age=0, no-cache, no-store, must-revalidate, Content-Length: 918, Content-Type: application/json, Date: Wed, 02 Sep 2020 12:48:59 GMT, Paypal-Debug-Id: 687c4719164ad, X-Paypal-Token-Service: IAAS, 
[02-09-2020 12:49:00] PayPal\Core\PayPalHttpConnection : DEBUG: Response Data 	: {"scope":"https://uri.paypal.com/services/invoicing https://uri.paypal.com/services/disputes/read-buyer https://uri.paypal.com/services/payments/realtimepayment https://uri.paypal.com/services/disputes/update-seller https://uri.paypal.com/services/payments/payment/authcapture openid https://uri.paypal.com/services/disputes/read-seller https://uri.paypal.com/services/payments/refund https://api.paypal.com/v1/vault/credit-card https://api.paypal.com/v1/payments/.* https://uri.paypal.com/payments/payouts https://api.paypal.com/v1/vault/credit-card/.* https://uri.paypal.com/services/subscriptions https://uri.paypal.com/services/applications/webhooks","access_token":"A21AAGXgSw_r1nXGNVcilz0mz9-hbE0e-e9BedYfMgxg-gxcm9zYhmpvVRa_DkyWrBKqHsXT3c5nXyzP85hYpvSqeiiszNdow","token_type":"Bearer","app_id":"APP-80W284485P519543T","expires_in":31629,"nonce":"2020-09-02T12:36:08Za8_vR616bj3rl8Hdyg6X5fuAmJHS2IyUMWd6_CYTjIo"}

================================================================================================================================

[02-09-2020 12:49:00] PayPal\Core\PayPalHttpConnection : INFO: POST https://api.sandbox.paypal.com/v1/vault/credit-cards
[02-09-2020 12:49:01] PayPal\Core\PayPalHttpConnection : DEBUG: Request Headers 	: POST /v1/vault/credit-cards HTTP/1.1, Host: api.sandbox.paypal.com, Accept: */*, Content-Type: application/json, User-Agent: PayPalSDK/PayPal-PHP-SDK 1.14.0 (platform-ver=7.2.31; bit=64; os=Windows_NT_10.0; machine=AMD64; crypto-lib-ver=1.1.1g; curl=7.67.0), Authorization: Bearer A21AAGXgSw_r1nXGNVcilz0mz9-hbE0e-e9BedYfMgxg-gxcm9zYhmpvVRa_DkyWrBKqHsXT3c5nXyzP85hYpvSqeiiszNdow, Content-Length: 132, , 
[02-09-2020 12:49:01] PayPal\Core\PayPalHttpConnection : DEBUG: Request Data		: {"number":"4032032476376683","type":"visa","expire_month":2,"expire_year":2023,"cvv2":"123","first_name":"Hetal","last_name":"rana"}
--------------------------------------------------------------------------------------------------------------------------------

[02-09-2020 12:49:01] PayPal\Core\PayPalHttpConnection : INFO: Response Status 	: 201
[02-09-2020 12:49:01] PayPal\Core\PayPalHttpConnection : DEBUG: Response Headers	: Cache-Control: max-age=0, no-cache, no-store, must-revalidate, Content-Length: 668, Content-Type: application/json, Date: Wed, 02 Sep 2020 12:49:00 GMT, Paypal-Debug-Id: 67990b2decfd, 
[02-09-2020 12:49:01] PayPal\Core\PayPalHttpConnection : DEBUG: Response Data 	: {"id":"CARD-1PH62093BK929653CL5HZJPA","state":"ok","type":"visa","number":"xxxxxxxxxxxx6683","expire_month":"2","expire_year":"2023","first_name":"Hetal","last_name":"rana","valid_until":"2023-09-02T00:00:00Z","create_time":"2020-09-02T12:49:00Z","update_time":"2020-09-02T12:49:00Z","links":[{"href":"https://api.sandbox.paypal.com/v1/vault/credit-cards/CARD-1PH62093BK929653CL5HZJPA","rel":"self","method":"GET"},{"href":"https://api.sandbox.paypal.com/v1/vault/credit-cards/CARD-1PH62093BK929653CL5HZJPA","rel":"delete","method":"DELETE"},{"href":"https://api.sandbox.paypal.com/v1/vault/credit-cards/CARD-1PH62093BK929653CL5HZJPA","rel":"patch","method":"PATCH"}]}

================================================================================================================================

[02-09-2020 12:49:01] PayPal\Core\PayPalHttpConnection : INFO: GET https://api.sandbox.paypal.com/v1/vault/credit-cards/CARD-2W298408717656058L5HZHHI
[02-09-2020 12:49:02] PayPal\Core\PayPalHttpConnection : DEBUG: Request Headers 	: GET /v1/vault/credit-cards/CARD-2W298408717656058L5HZHHI HTTP/1.1, Host: api.sandbox.paypal.com, Accept: */*, Content-Type: application/json, User-Agent: PayPalSDK/PayPal-PHP-SDK 1.14.0 (platform-ver=7.2.31; bit=64; os=Windows_NT_10.0; machine=AMD64; crypto-lib-ver=1.1.1g; curl=7.67.0), Authorization: Bearer A21AAGXgSw_r1nXGNVcilz0mz9-hbE0e-e9BedYfMgxg-gxcm9zYhmpvVRa_DkyWrBKqHsXT3c5nXyzP85hYpvSqeiiszNdow, , 
[02-09-2020 12:49:02] PayPal\Core\PayPalHttpConnection : DEBUG: No Request Payload
--------------------------------------------------------------------------------------------------------------------------------

[02-09-2020 12:49:02] PayPal\Core\PayPalHttpConnection : INFO: Response Status 	: 200
[02-09-2020 12:49:02] PayPal\Core\PayPalHttpConnection : DEBUG: Response Headers	: Cache-Control: max-age=0, no-cache, no-store, must-revalidate, Content-Length: 668, Content-Type: application/json, Date: Wed, 02 Sep 2020 12:49:01 GMT, Paypal-Debug-Id: 480897e186635, 
[02-09-2020 12:49:02] PayPal\Core\PayPalHttpConnection : DEBUG: Response Data 	: {"id":"CARD-2W298408717656058L5HZHHI","state":"ok","type":"visa","number":"xxxxxxxxxxxx6683","expire_month":"2","expire_year":"2023","first_name":"Hetal","last_name":"rana","valid_until":"2023-09-02T00:00:00Z","create_time":"2020-09-02T12:44:13Z","update_time":"2020-09-02T12:44:13Z","links":[{"href":"https://api.sandbox.paypal.com/v1/vault/credit-cards/CARD-2W298408717656058L5HZHHI","rel":"self","method":"GET"},{"href":"https://api.sandbox.paypal.com/v1/vault/credit-cards/CARD-2W298408717656058L5HZHHI","rel":"delete","method":"DELETE"},{"href":"https://api.sandbox.paypal.com/v1/vault/credit-cards/CARD-2W298408717656058L5HZHHI","rel":"patch","method":"PATCH"}]}

================================================================================================================================

[03-09-2020 11:48:54] PayPal\Core\PayPalHttpConnection : INFO: POST https://api.sandbox.paypal.com/v1/oauth2/token
[03-09-2020 11:48:56] PayPal\Core\PayPalHttpConnection : DEBUG: Request Headers 	: POST /v1/oauth2/token HTTP/1.1, Host: api.sandbox.paypal.com, User-Agent: PayPalSDK/PayPal-PHP-SDK 1.14.0 (platform-ver=7.2.31; bit=64; os=Windows_NT_10.0; machine=AMD64; crypto-lib-ver=1.1.1g; curl=7.67.0), Authorization: Basic QWZjUDBMcFJrdjMtYWlfMkdDZ2tsRGgzVVhUVk9WTzlyX3hPaTF3VjU5VzVIdERlWENMLW02SWxmX2twYUhPTG1DSG5GVTF6eEpQT2NBSHk6RUp6UUxoSDNiNUpkTWFPU2RHdmRZYW5hNHgwR0xoT2R2ei1hTUQxeFJJNUhfUk5aWjZSY0UzbDJ6c1d0OThBUVkzTmwxSEVwOTJ0QVNvWFY=, Accept: */*, Content-Length: 29, Content-Type: application/x-www-form-urlencoded, , 
[03-09-2020 11:48:56] PayPal\Core\PayPalHttpConnection : DEBUG: Request Data		: grant_type=client_credentials
--------------------------------------------------------------------------------------------------------------------------------

[03-09-2020 11:48:56] PayPal\Core\PayPalHttpConnection : INFO: Response Status 	: 200
[03-09-2020 11:48:56] PayPal\Core\PayPalHttpConnection : DEBUG: Response Headers	: Cache-Control: max-age=0, no-cache, no-store, must-revalidate, Content-Length: 918, Content-Type: application/json, Date: Thu, 03 Sep 2020 11:48:54 GMT, Paypal-Debug-Id: c68e35f4a1cde, X-Paypal-Token-Service: IAAS, 
[03-09-2020 11:48:56] PayPal\Core\PayPalHttpConnection : DEBUG: Response Data 	: {"scope":"https://uri.paypal.com/services/invoicing https://uri.paypal.com/services/disputes/read-buyer https://uri.paypal.com/services/payments/realtimepayment https://uri.paypal.com/services/disputes/update-seller https://uri.paypal.com/services/payments/payment/authcapture openid https://uri.paypal.com/services/disputes/read-seller https://uri.paypal.com/services/payments/refund https://api.paypal.com/v1/vault/credit-card https://api.paypal.com/v1/payments/.* https://uri.paypal.com/payments/payouts https://api.paypal.com/v1/vault/credit-card/.* https://uri.paypal.com/services/subscriptions https://uri.paypal.com/services/applications/webhooks","access_token":"A21AAHgvLSTnw90NLBxPuZPjD5iiN91fm2DXqGKddlJWOga3yeMvcLdc_0E5_FbV02Dd32GGITK1YowMgrq8zmpq2rlnRWIcA","token_type":"Bearer","app_id":"APP-80W284485P519543T","expires_in":32400,"nonce":"2020-09-03T11:48:55ZTNpaJPKr6zVyJY7cMBQKukyRuQU5MR-Mngd0Qz1M22s"}

================================================================================================================================

[03-09-2020 11:48:56] PayPal\Core\PayPalHttpConnection : INFO: POST https://api.sandbox.paypal.com/v1/vault/credit-cards
[03-09-2020 11:48:57] PayPal\Core\PayPalHttpConnection : DEBUG: Request Headers 	: POST /v1/vault/credit-cards HTTP/1.1, Host: api.sandbox.paypal.com, Accept: */*, Content-Type: application/json, User-Agent: PayPalSDK/PayPal-PHP-SDK 1.14.0 (platform-ver=7.2.31; bit=64; os=Windows_NT_10.0; machine=AMD64; crypto-lib-ver=1.1.1g; curl=7.67.0), Authorization: Bearer A21AAHgvLSTnw90NLBxPuZPjD5iiN91fm2DXqGKddlJWOga3yeMvcLdc_0E5_FbV02Dd32GGITK1YowMgrq8zmpq2rlnRWIcA, Content-Length: 95, , 
[03-09-2020 11:48:57] PayPal\Core\PayPalHttpConnection : DEBUG: Request Data		: {"expire_month":"9","expire_year":"2028","cvv2":"123","first_name":"Sandeep","last_name":"lad"}
--------------------------------------------------------------------------------------------------------------------------------

[03-09-2020 11:48:57] PayPal\Core\PayPalHttpConnection : INFO: Response Status 	: 400
[03-09-2020 11:48:57] PayPal\Core\PayPalHttpConnection : DEBUG: Response Headers	: Cache-Control: max-age=0, no-cache, no-store, must-revalidate, Content-Length: 330, Content-Type: application/json, Date: Thu, 03 Sep 2020 11:48:56 GMT, Paypal-Debug-Id: 6695edd3ec999, 
[03-09-2020 11:48:57] PayPal\Core\PayPalHttpConnection : ERROR: Got Http response code 400 when accessing https://api.sandbox.paypal.com/v1/vault/credit-cards. {"name":"VALIDATION_ERROR","message":"Invalid request - see details","debug_id":"6695edd3ec999","information_link":"https://developer.paypal.com/docs/api/vault/#errors","details":[{"field":"number","location":"body","issue":"Required field missing"},{"field":"type","location":"body","issue":"Required field missing"}],"links":[]}
[03-09-2020 11:48:57] PayPal\Core\PayPalHttpConnection : DEBUG: 

================================================================================================================================

[03-09-2020 12:01:13] PayPal\Core\PayPalHttpConnection : INFO: POST https://api.sandbox.paypal.com/v1/oauth2/token
[03-09-2020 12:01:14] PayPal\Core\PayPalHttpConnection : DEBUG: Request Headers 	: POST /v1/oauth2/token HTTP/1.1, Host: api.sandbox.paypal.com, User-Agent: PayPalSDK/PayPal-PHP-SDK 1.14.0 (platform-ver=7.2.31; bit=64; os=Windows_NT_10.0; machine=AMD64; crypto-lib-ver=1.1.1g; curl=7.67.0), Authorization: Basic QWZjUDBMcFJrdjMtYWlfMkdDZ2tsRGgzVVhUVk9WTzlyX3hPaTF3VjU5VzVIdERlWENMLW02SWxmX2twYUhPTG1DSG5GVTF6eEpQT2NBSHk6RUp6UUxoSDNiNUpkTWFPU2RHdmRZYW5hNHgwR0xoT2R2ei1hTUQxeFJJNUhfUk5aWjZSY0UzbDJ6c1d0OThBUVkzTmwxSEVwOTJ0QVNvWFY=, Accept: */*, Content-Length: 29, Content-Type: application/x-www-form-urlencoded, , 
[03-09-2020 12:01:14] PayPal\Core\PayPalHttpConnection : DEBUG: Request Data		: grant_type=client_credentials
--------------------------------------------------------------------------------------------------------------------------------

[03-09-2020 12:01:14] PayPal\Core\PayPalHttpConnection : INFO: Response Status 	: 200
[03-09-2020 12:01:14] PayPal\Core\PayPalHttpConnection : DEBUG: Response Headers	: Cache-Control: max-age=0, no-cache, no-store, must-revalidate, Content-Length: 918, Content-Type: application/json, Date: Thu, 03 Sep 2020 12:01:13 GMT, Paypal-Debug-Id: 47266347b1a62, X-Paypal-Token-Service: IAAS, 
[03-09-2020 12:01:14] PayPal\Core\PayPalHttpConnection : DEBUG: Response Data 	: {"scope":"https://uri.paypal.com/services/invoicing https://uri.paypal.com/services/disputes/read-buyer https://uri.paypal.com/services/payments/realtimepayment https://uri.paypal.com/services/disputes/update-seller https://uri.paypal.com/services/payments/payment/authcapture openid https://uri.paypal.com/services/disputes/read-seller https://uri.paypal.com/services/payments/refund https://api.paypal.com/v1/vault/credit-card https://api.paypal.com/v1/payments/.* https://uri.paypal.com/payments/payouts https://api.paypal.com/v1/vault/credit-card/.* https://uri.paypal.com/services/subscriptions https://uri.paypal.com/services/applications/webhooks","access_token":"A21AALsk_uItUeBXISXzXNTxU_nIzuQ1UYyUgdFBkVTBnPAutlHWkFH_J-Xk-xei4B1kz9PVTkevY9o7iNGrp0NwwUBBhkkWA","token_type":"Bearer","app_id":"APP-80W284485P519543T","expires_in":32400,"nonce":"2020-09-03T12:01:14ZNmMVgcJi5745likm1KUX-YIs4hdcuRxNCtxMsBTbg4A"}

================================================================================================================================

[03-09-2020 12:01:14] PayPal\Core\PayPalHttpConnection : INFO: POST https://api.sandbox.paypal.com/v1/vault/credit-cards
[03-09-2020 12:01:15] PayPal\Core\PayPalHttpConnection : DEBUG: Request Headers 	: POST /v1/vault/credit-cards HTTP/1.1, Host: api.sandbox.paypal.com, Accept: */*, Content-Type: application/json, User-Agent: PayPalSDK/PayPal-PHP-SDK 1.14.0 (platform-ver=7.2.31; bit=64; os=Windows_NT_10.0; machine=AMD64; crypto-lib-ver=1.1.1g; curl=7.67.0), Authorization: Bearer A21AALsk_uItUeBXISXzXNTxU_nIzuQ1UYyUgdFBkVTBnPAutlHWkFH_J-Xk-xei4B1kz9PVTkevY9o7iNGrp0NwwUBBhkkWA, Content-Length: 138, , 
[03-09-2020 12:01:15] PayPal\Core\PayPalHttpConnection : DEBUG: Request Data		: {"number":"4545454545454545","type":"visa","expire_month":"11","expire_year":"2026","cvv2":"123","first_name":"Sandeep","last_name":"Lad"}
--------------------------------------------------------------------------------------------------------------------------------

[03-09-2020 12:01:15] PayPal\Core\PayPalHttpConnection : INFO: Response Status 	: 400
[03-09-2020 12:01:15] PayPal\Core\PayPalHttpConnection : DEBUG: Response Headers	: Cache-Control: max-age=0, no-cache, no-store, must-revalidate, Content-Length: 256, Content-Type: application/json, Date: Thu, 03 Sep 2020 12:01:15 GMT, Paypal-Debug-Id: ddcd58c8d04eb, 
[03-09-2020 12:01:15] PayPal\Core\PayPalHttpConnection : ERROR: Got Http response code 400 when accessing https://api.sandbox.paypal.com/v1/vault/credit-cards. {"name":"VALIDATION_ERROR","message":"Invalid request - see details","debug_id":"ddcd58c8d04eb","information_link":"https://developer.paypal.com/docs/api/vault/#errors","details":[{"field":"number","location":"body","issue":"Value is invalid"}],"links":[]}
[03-09-2020 12:01:15] PayPal\Core\PayPalHttpConnection : DEBUG: 

================================================================================================================================

[03-09-2020 12:03:13] PayPal\Core\PayPalHttpConnection : INFO: POST https://api.sandbox.paypal.com/v1/oauth2/token
[03-09-2020 12:03:14] PayPal\Core\PayPalHttpConnection : DEBUG: Request Headers 	: POST /v1/oauth2/token HTTP/1.1, Host: api.sandbox.paypal.com, User-Agent: PayPalSDK/PayPal-PHP-SDK 1.14.0 (platform-ver=7.2.31; bit=64; os=Windows_NT_10.0; machine=AMD64; crypto-lib-ver=1.1.1g; curl=7.67.0), Authorization: Basic QWZjUDBMcFJrdjMtYWlfMkdDZ2tsRGgzVVhUVk9WTzlyX3hPaTF3VjU5VzVIdERlWENMLW02SWxmX2twYUhPTG1DSG5GVTF6eEpQT2NBSHk6RUp6UUxoSDNiNUpkTWFPU2RHdmRZYW5hNHgwR0xoT2R2ei1hTUQxeFJJNUhfUk5aWjZSY0UzbDJ6c1d0OThBUVkzTmwxSEVwOTJ0QVNvWFY=, Accept: */*, Content-Length: 29, Content-Type: application/x-www-form-urlencoded, , 
[03-09-2020 12:03:14] PayPal\Core\PayPalHttpConnection : DEBUG: Request Data		: grant_type=client_credentials
--------------------------------------------------------------------------------------------------------------------------------

[03-09-2020 12:03:14] PayPal\Core\PayPalHttpConnection : INFO: Response Status 	: 200
[03-09-2020 12:03:14] PayPal\Core\PayPalHttpConnection : DEBUG: Response Headers	: Cache-Control: max-age=0, no-cache, no-store, must-revalidate, Content-Length: 918, Content-Type: application/json, Date: Thu, 03 Sep 2020 12:03:12 GMT, Paypal-Debug-Id: 55e284c92799f, X-Paypal-Token-Service: IAAS, 
[03-09-2020 12:03:14] PayPal\Core\PayPalHttpConnection : DEBUG: Response Data 	: {"scope":"https://uri.paypal.com/services/invoicing https://uri.paypal.com/services/disputes/read-buyer https://uri.paypal.com/services/payments/realtimepayment https://uri.paypal.com/services/disputes/update-seller https://uri.paypal.com/services/payments/payment/authcapture openid https://uri.paypal.com/services/disputes/read-seller https://uri.paypal.com/services/payments/refund https://api.paypal.com/v1/vault/credit-card https://api.paypal.com/v1/payments/.* https://uri.paypal.com/payments/payouts https://api.paypal.com/v1/vault/credit-card/.* https://uri.paypal.com/services/subscriptions https://uri.paypal.com/services/applications/webhooks","access_token":"A21AALsk_uItUeBXISXzXNTxU_nIzuQ1UYyUgdFBkVTBnPAutlHWkFH_J-Xk-xei4B1kz9PVTkevY9o7iNGrp0NwwUBBhkkWA","token_type":"Bearer","app_id":"APP-80W284485P519543T","expires_in":32281,"nonce":"2020-09-03T12:01:14ZNmMVgcJi5745likm1KUX-YIs4hdcuRxNCtxMsBTbg4A"}

================================================================================================================================

[03-09-2020 12:03:14] PayPal\Core\PayPalHttpConnection : INFO: POST https://api.sandbox.paypal.com/v1/vault/credit-cards
[03-09-2020 12:03:15] PayPal\Core\PayPalHttpConnection : DEBUG: Request Headers 	: POST /v1/vault/credit-cards HTTP/1.1, Host: api.sandbox.paypal.com, Accept: */*, Content-Type: application/json, User-Agent: PayPalSDK/PayPal-PHP-SDK 1.14.0 (platform-ver=7.2.31; bit=64; os=Windows_NT_10.0; machine=AMD64; crypto-lib-ver=1.1.1g; curl=7.67.0), Authorization: Bearer A21AALsk_uItUeBXISXzXNTxU_nIzuQ1UYyUgdFBkVTBnPAutlHWkFH_J-Xk-xei4B1kz9PVTkevY9o7iNGrp0NwwUBBhkkWA, Content-Length: 134, , 
[03-09-2020 12:03:15] PayPal\Core\PayPalHttpConnection : DEBUG: Request Data		: {"number":"374458597729233","type":"visa","expire_month":"5","expire_year":"2024","cvv2":"123","first_name":"test","last_name":"name"}
--------------------------------------------------------------------------------------------------------------------------------

[03-09-2020 12:03:15] PayPal\Core\PayPalHttpConnection : INFO: Response Status 	: 400
[03-09-2020 12:03:15] PayPal\Core\PayPalHttpConnection : DEBUG: Response Headers	: Cache-Control: max-age=0, no-cache, no-store, must-revalidate, Content-Length: 316, Content-Type: application/json, Date: Thu, 03 Sep 2020 12:03:14 GMT, Paypal-Debug-Id: eba602cce922a, 
[03-09-2020 12:03:15] PayPal\Core\PayPalHttpConnection : ERROR: Got Http response code 400 when accessing https://api.sandbox.paypal.com/v1/vault/credit-cards. {"name":"VALIDATION_ERROR","message":"Invalid request - see details","debug_id":"eba602cce922a","information_link":"https://developer.paypal.com/docs/api/vault/#errors","details":[{"field":"type, number","location":"body","issue":"The credit card number is not valid for the specified credit card type"}],"links":[]}
[03-09-2020 12:03:15] PayPal\Core\PayPalHttpConnection : DEBUG: 

================================================================================================================================

[03-09-2020 12:06:16] PayPal\Core\PayPalHttpConnection : INFO: POST https://api.sandbox.paypal.com/v1/oauth2/token
[03-09-2020 12:06:17] PayPal\Core\PayPalHttpConnection : DEBUG: Request Headers 	: POST /v1/oauth2/token HTTP/1.1, Host: api.sandbox.paypal.com, User-Agent: PayPalSDK/PayPal-PHP-SDK 1.14.0 (platform-ver=7.2.31; bit=64; os=Windows_NT_10.0; machine=AMD64; crypto-lib-ver=1.1.1g; curl=7.67.0), Authorization: Basic QWZjUDBMcFJrdjMtYWlfMkdDZ2tsRGgzVVhUVk9WTzlyX3hPaTF3VjU5VzVIdERlWENMLW02SWxmX2twYUhPTG1DSG5GVTF6eEpQT2NBSHk6RUp6UUxoSDNiNUpkTWFPU2RHdmRZYW5hNHgwR0xoT2R2ei1hTUQxeFJJNUhfUk5aWjZSY0UzbDJ6c1d0OThBUVkzTmwxSEVwOTJ0QVNvWFY=, Accept: */*, Content-Length: 29, Content-Type: application/x-www-form-urlencoded, , 
[03-09-2020 12:06:17] PayPal\Core\PayPalHttpConnection : DEBUG: Request Data		: grant_type=client_credentials
--------------------------------------------------------------------------------------------------------------------------------

[03-09-2020 12:06:17] PayPal\Core\PayPalHttpConnection : INFO: Response Status 	: 200
[03-09-2020 12:06:17] PayPal\Core\PayPalHttpConnection : DEBUG: Response Headers	: Cache-Control: max-age=0, no-cache, no-store, must-revalidate, Content-Length: 918, Content-Type: application/json, Date: Thu, 03 Sep 2020 12:06:16 GMT, Paypal-Debug-Id: d9630c8845eaf, X-Paypal-Token-Service: IAAS, 
[03-09-2020 12:06:17] PayPal\Core\PayPalHttpConnection : DEBUG: Response Data 	: {"scope":"https://uri.paypal.com/services/invoicing https://uri.paypal.com/services/disputes/read-buyer https://uri.paypal.com/services/payments/realtimepayment https://uri.paypal.com/services/disputes/update-seller https://uri.paypal.com/services/payments/payment/authcapture openid https://uri.paypal.com/services/disputes/read-seller https://uri.paypal.com/services/payments/refund https://api.paypal.com/v1/vault/credit-card https://api.paypal.com/v1/payments/.* https://uri.paypal.com/payments/payouts https://api.paypal.com/v1/vault/credit-card/.* https://uri.paypal.com/services/subscriptions https://uri.paypal.com/services/applications/webhooks","access_token":"A21AALsk_uItUeBXISXzXNTxU_nIzuQ1UYyUgdFBkVTBnPAutlHWkFH_J-Xk-xei4B1kz9PVTkevY9o7iNGrp0NwwUBBhkkWA","token_type":"Bearer","app_id":"APP-80W284485P519543T","expires_in":32098,"nonce":"2020-09-03T12:01:14ZNmMVgcJi5745likm1KUX-YIs4hdcuRxNCtxMsBTbg4A"}

================================================================================================================================

[03-09-2020 12:06:17] PayPal\Core\PayPalHttpConnection : INFO: POST https://api.sandbox.paypal.com/v1/vault/credit-cards
[03-09-2020 12:06:18] PayPal\Core\PayPalHttpConnection : DEBUG: Request Headers 	: POST /v1/vault/credit-cards HTTP/1.1, Host: api.sandbox.paypal.com, Accept: */*, Content-Type: application/json, User-Agent: PayPalSDK/PayPal-PHP-SDK 1.14.0 (platform-ver=7.2.31; bit=64; os=Windows_NT_10.0; machine=AMD64; crypto-lib-ver=1.1.1g; curl=7.67.0), Authorization: Bearer A21AALsk_uItUeBXISXzXNTxU_nIzuQ1UYyUgdFBkVTBnPAutlHWkFH_J-Xk-xei4B1kz9PVTkevY9o7iNGrp0NwwUBBhkkWA, Content-Length: 132, , 
[03-09-2020 12:06:18] PayPal\Core\PayPalHttpConnection : DEBUG: Request Data		: {"number":"4032032476376683","type":"visa","expire_month":2,"expire_year":2023,"cvv2":"123","first_name":"Hetal","last_name":"rana"}
--------------------------------------------------------------------------------------------------------------------------------

[03-09-2020 12:06:18] PayPal\Core\PayPalHttpConnection : INFO: Response Status 	: 201
[03-09-2020 12:06:18] PayPal\Core\PayPalHttpConnection : DEBUG: Response Headers	: Cache-Control: max-age=0, no-cache, no-store, must-revalidate, Content-Length: 668, Content-Type: application/json, Date: Thu, 03 Sep 2020 12:06:18 GMT, Paypal-Debug-Id: eae65de5f62a5, 
[03-09-2020 12:06:18] PayPal\Core\PayPalHttpConnection : DEBUG: Response Data 	: {"id":"CARD-7HY29204M5975705EL5INYOQ","state":"ok","type":"visa","number":"xxxxxxxxxxxx6683","expire_month":"2","expire_year":"2023","first_name":"Hetal","last_name":"rana","valid_until":"2023-09-03T00:00:00Z","create_time":"2020-09-03T12:06:18Z","update_time":"2020-09-03T12:06:18Z","links":[{"href":"https://api.sandbox.paypal.com/v1/vault/credit-cards/CARD-7HY29204M5975705EL5INYOQ","rel":"self","method":"GET"},{"href":"https://api.sandbox.paypal.com/v1/vault/credit-cards/CARD-7HY29204M5975705EL5INYOQ","rel":"delete","method":"DELETE"},{"href":"https://api.sandbox.paypal.com/v1/vault/credit-cards/CARD-7HY29204M5975705EL5INYOQ","rel":"patch","method":"PATCH"}]}

================================================================================================================================

[03-09-2020 12:07:02] PayPal\Core\PayPalHttpConnection : INFO: POST https://api.sandbox.paypal.com/v1/oauth2/token
[03-09-2020 12:07:03] PayPal\Core\PayPalHttpConnection : DEBUG: Request Headers 	: POST /v1/oauth2/token HTTP/1.1, Host: api.sandbox.paypal.com, User-Agent: PayPalSDK/PayPal-PHP-SDK 1.14.0 (platform-ver=7.2.31; bit=64; os=Windows_NT_10.0; machine=AMD64; crypto-lib-ver=1.1.1g; curl=7.67.0), Authorization: Basic QWZjUDBMcFJrdjMtYWlfMkdDZ2tsRGgzVVhUVk9WTzlyX3hPaTF3VjU5VzVIdERlWENMLW02SWxmX2twYUhPTG1DSG5GVTF6eEpQT2NBSHk6RUp6UUxoSDNiNUpkTWFPU2RHdmRZYW5hNHgwR0xoT2R2ei1hTUQxeFJJNUhfUk5aWjZSY0UzbDJ6c1d0OThBUVkzTmwxSEVwOTJ0QVNvWFY=, Accept: */*, Content-Length: 29, Content-Type: application/x-www-form-urlencoded, , 
[03-09-2020 12:07:03] PayPal\Core\PayPalHttpConnection : DEBUG: Request Data		: grant_type=client_credentials
--------------------------------------------------------------------------------------------------------------------------------

[03-09-2020 12:07:03] PayPal\Core\PayPalHttpConnection : INFO: Response Status 	: 200
[03-09-2020 12:07:03] PayPal\Core\PayPalHttpConnection : DEBUG: Response Headers	: Cache-Control: max-age=0, no-cache, no-store, must-revalidate, Content-Length: 918, Content-Type: application/json, Date: Thu, 03 Sep 2020 12:07:02 GMT, Paypal-Debug-Id: fc7674f51dc46, X-Paypal-Token-Service: IAAS, 
[03-09-2020 12:07:03] PayPal\Core\PayPalHttpConnection : DEBUG: Response Data 	: {"scope":"https://uri.paypal.com/services/invoicing https://uri.paypal.com/services/disputes/read-buyer https://uri.paypal.com/services/payments/realtimepayment https://uri.paypal.com/services/disputes/update-seller https://uri.paypal.com/services/payments/payment/authcapture openid https://uri.paypal.com/services/disputes/read-seller https://uri.paypal.com/services/payments/refund https://api.paypal.com/v1/vault/credit-card https://api.paypal.com/v1/payments/.* https://uri.paypal.com/payments/payouts https://api.paypal.com/v1/vault/credit-card/.* https://uri.paypal.com/services/subscriptions https://uri.paypal.com/services/applications/webhooks","access_token":"A21AALsk_uItUeBXISXzXNTxU_nIzuQ1UYyUgdFBkVTBnPAutlHWkFH_J-Xk-xei4B1kz9PVTkevY9o7iNGrp0NwwUBBhkkWA","token_type":"Bearer","app_id":"APP-80W284485P519543T","expires_in":32051,"nonce":"2020-09-03T12:01:14ZNmMVgcJi5745likm1KUX-YIs4hdcuRxNCtxMsBTbg4A"}

================================================================================================================================

[03-09-2020 12:07:03] PayPal\Core\PayPalHttpConnection : INFO: POST https://api.sandbox.paypal.com/v1/vault/credit-cards
[03-09-2020 12:07:04] PayPal\Core\PayPalHttpConnection : DEBUG: Request Headers 	: POST /v1/vault/credit-cards HTTP/1.1, Host: api.sandbox.paypal.com, Accept: */*, Content-Type: application/json, User-Agent: PayPalSDK/PayPal-PHP-SDK 1.14.0 (platform-ver=7.2.31; bit=64; os=Windows_NT_10.0; machine=AMD64; crypto-lib-ver=1.1.1g; curl=7.67.0), Authorization: Bearer A21AALsk_uItUeBXISXzXNTxU_nIzuQ1UYyUgdFBkVTBnPAutlHWkFH_J-Xk-xei4B1kz9PVTkevY9o7iNGrp0NwwUBBhkkWA, Content-Length: 138, , 
[03-09-2020 12:07:04] PayPal\Core\PayPalHttpConnection : DEBUG: Request Data		: {"number":"4032032476376683","type":"visa","expire_month":"12","expire_year":"2030","cvv2":"123","first_name":"Sandeep","last_name":"lad"}
--------------------------------------------------------------------------------------------------------------------------------

[03-09-2020 12:07:04] PayPal\Core\PayPalHttpConnection : INFO: Response Status 	: 201
[03-09-2020 12:07:04] PayPal\Core\PayPalHttpConnection : DEBUG: Response Headers	: Cache-Control: max-age=0, no-cache, no-store, must-revalidate, Content-Length: 670, Content-Type: application/json, Date: Thu, 03 Sep 2020 12:07:04 GMT, Paypal-Debug-Id: 4ef90a76240b7, 
[03-09-2020 12:07:04] PayPal\Core\PayPalHttpConnection : DEBUG: Response Data 	: {"id":"CARD-5PS77886U1882841DL5INY2A","state":"ok","type":"visa","number":"xxxxxxxxxxxx6683","expire_month":"12","expire_year":"2030","first_name":"Sandeep","last_name":"lad","valid_until":"2023-09-03T00:00:00Z","create_time":"2020-09-03T12:07:04Z","update_time":"2020-09-03T12:07:04Z","links":[{"href":"https://api.sandbox.paypal.com/v1/vault/credit-cards/CARD-5PS77886U1882841DL5INY2A","rel":"self","method":"GET"},{"href":"https://api.sandbox.paypal.com/v1/vault/credit-cards/CARD-5PS77886U1882841DL5INY2A","rel":"delete","method":"DELETE"},{"href":"https://api.sandbox.paypal.com/v1/vault/credit-cards/CARD-5PS77886U1882841DL5INY2A","rel":"patch","method":"PATCH"}]}

================================================================================================================================

[04-09-2020 07:08:59] PayPal\Core\PayPalHttpConnection : INFO: POST https://api.sandbox.paypal.com/v1/oauth2/token
[04-09-2020 07:09:00] PayPal\Core\PayPalHttpConnection : DEBUG: Request Headers 	: POST /v1/oauth2/token HTTP/1.1, Host: api.sandbox.paypal.com, User-Agent: PayPalSDK/PayPal-PHP-SDK 1.14.0 (platform-ver=7.2.31; bit=64; os=Windows_NT_10.0; machine=AMD64; crypto-lib-ver=1.1.1g; curl=7.67.0), Authorization: Basic QWZjUDBMcFJrdjMtYWlfMkdDZ2tsRGgzVVhUVk9WTzlyX3hPaTF3VjU5VzVIdERlWENMLW02SWxmX2twYUhPTG1DSG5GVTF6eEpQT2NBSHk6RUp6UUxoSDNiNUpkTWFPU2RHdmRZYW5hNHgwR0xoT2R2ei1hTUQxeFJJNUhfUk5aWjZSY0UzbDJ6c1d0OThBUVkzTmwxSEVwOTJ0QVNvWFY=, Accept: */*, Content-Length: 29, Content-Type: application/x-www-form-urlencoded, , 
[04-09-2020 07:09:00] PayPal\Core\PayPalHttpConnection : DEBUG: Request Data		: grant_type=client_credentials
--------------------------------------------------------------------------------------------------------------------------------

[04-09-2020 07:09:00] PayPal\Core\PayPalHttpConnection : INFO: Response Status 	: 200
[04-09-2020 07:09:00] PayPal\Core\PayPalHttpConnection : DEBUG: Response Headers	: Cache-Control: max-age=0, no-cache, no-store, must-revalidate, Content-Length: 918, Content-Type: application/json, Date: Fri, 04 Sep 2020 07:08:58 GMT, Paypal-Debug-Id: 98aa6d93f873a, X-Paypal-Token-Service: IAAS, 
[04-09-2020 07:09:00] PayPal\Core\PayPalHttpConnection : DEBUG: Response Data 	: {"scope":"https://uri.paypal.com/services/invoicing https://uri.paypal.com/services/disputes/read-buyer https://uri.paypal.com/services/payments/realtimepayment https://uri.paypal.com/services/disputes/update-seller https://uri.paypal.com/services/payments/payment/authcapture openid https://uri.paypal.com/services/disputes/read-seller https://uri.paypal.com/services/payments/refund https://api.paypal.com/v1/vault/credit-card https://api.paypal.com/v1/payments/.* https://uri.paypal.com/payments/payouts https://api.paypal.com/v1/vault/credit-card/.* https://uri.paypal.com/services/subscriptions https://uri.paypal.com/services/applications/webhooks","access_token":"A21AAI8TQisig-smRsUKvgeBX3YAOMMSd-OE9oKvefZBRqJGnSjbguX3xca9wJaREyYX5skr_69S_LUP1kWpKTZXmOga-R6xA","token_type":"Bearer","app_id":"APP-80W284485P519543T","expires_in":32400,"nonce":"2020-09-04T07:08:58ZOTTubgtNspcZr-NQ0JQB-ELMXml-K9ZryA4SOwdNAkQ"}

================================================================================================================================

[04-09-2020 07:09:00] PayPal\Core\PayPalHttpConnection : INFO: POST https://api.sandbox.paypal.com/v1/vault/credit-cards
[04-09-2020 07:09:01] PayPal\Core\PayPalHttpConnection : DEBUG: Request Headers 	: POST /v1/vault/credit-cards HTTP/1.1, Host: api.sandbox.paypal.com, Accept: */*, Content-Type: application/json, User-Agent: PayPalSDK/PayPal-PHP-SDK 1.14.0 (platform-ver=7.2.31; bit=64; os=Windows_NT_10.0; machine=AMD64; crypto-lib-ver=1.1.1g; curl=7.67.0), Authorization: Bearer A21AAI8TQisig-smRsUKvgeBX3YAOMMSd-OE9oKvefZBRqJGnSjbguX3xca9wJaREyYX5skr_69S_LUP1kWpKTZXmOga-R6xA, Content-Length: 135, , 
[04-09-2020 07:09:01] PayPal\Core\PayPalHttpConnection : DEBUG: Request Data		: {"number":"4032032476376683","type":"visa","expire_month":"9","expire_year":"2028","cvv2":"123","first_name":"test","last_name":"test"}
--------------------------------------------------------------------------------------------------------------------------------

[04-09-2020 07:09:01] PayPal\Core\PayPalHttpConnection : INFO: Response Status 	: 201
[04-09-2020 07:09:01] PayPal\Core\PayPalHttpConnection : DEBUG: Response Headers	: Cache-Control: max-age=0, no-cache, no-store, must-revalidate, Content-Length: 667, Content-Type: application/json, Date: Fri, 04 Sep 2020 07:09:00 GMT, Paypal-Debug-Id: adb73cfa1e1f1, 
[04-09-2020 07:09:01] PayPal\Core\PayPalHttpConnection : DEBUG: Response Data 	: {"id":"CARD-05H214983R235320KL5I6QDA","state":"ok","type":"visa","number":"xxxxxxxxxxxx6683","expire_month":"9","expire_year":"2028","first_name":"test","last_name":"test","valid_until":"2023-09-04T00:00:00Z","create_time":"2020-09-04T07:09:00Z","update_time":"2020-09-04T07:09:00Z","links":[{"href":"https://api.sandbox.paypal.com/v1/vault/credit-cards/CARD-05H214983R235320KL5I6QDA","rel":"self","method":"GET"},{"href":"https://api.sandbox.paypal.com/v1/vault/credit-cards/CARD-05H214983R235320KL5I6QDA","rel":"delete","method":"DELETE"},{"href":"https://api.sandbox.paypal.com/v1/vault/credit-cards/CARD-05H214983R235320KL5I6QDA","rel":"patch","method":"PATCH"}]}

================================================================================================================================

[04-09-2020 07:09:18] PayPal\Core\PayPalHttpConnection : INFO: POST https://api.sandbox.paypal.com/v1/oauth2/token
[04-09-2020 07:09:19] PayPal\Core\PayPalHttpConnection : DEBUG: Request Headers 	: POST /v1/oauth2/token HTTP/1.1, Host: api.sandbox.paypal.com, User-Agent: PayPalSDK/PayPal-PHP-SDK 1.14.0 (platform-ver=7.2.31; bit=64; os=Windows_NT_10.0; machine=AMD64; crypto-lib-ver=1.1.1g; curl=7.67.0), Authorization: Basic QWZjUDBMcFJrdjMtYWlfMkdDZ2tsRGgzVVhUVk9WTzlyX3hPaTF3VjU5VzVIdERlWENMLW02SWxmX2twYUhPTG1DSG5GVTF6eEpQT2NBSHk6RUp6UUxoSDNiNUpkTWFPU2RHdmRZYW5hNHgwR0xoT2R2ei1hTUQxeFJJNUhfUk5aWjZSY0UzbDJ6c1d0OThBUVkzTmwxSEVwOTJ0QVNvWFY=, Accept: */*, Content-Length: 29, Content-Type: application/x-www-form-urlencoded, , 
[04-09-2020 07:09:19] PayPal\Core\PayPalHttpConnection : DEBUG: Request Data		: grant_type=client_credentials
--------------------------------------------------------------------------------------------------------------------------------

[04-09-2020 07:09:19] PayPal\Core\PayPalHttpConnection : INFO: Response Status 	: 200
[04-09-2020 07:09:19] PayPal\Core\PayPalHttpConnection : DEBUG: Response Headers	: Cache-Control: max-age=0, no-cache, no-store, must-revalidate, Content-Length: 918, Content-Type: application/json, Date: Fri, 04 Sep 2020 07:09:17 GMT, Paypal-Debug-Id: 37bf0515c9d54, X-Paypal-Token-Service: IAAS, 
[04-09-2020 07:09:19] PayPal\Core\PayPalHttpConnection : DEBUG: Response Data 	: {"scope":"https://uri.paypal.com/services/invoicing https://uri.paypal.com/services/disputes/read-buyer https://uri.paypal.com/services/payments/realtimepayment https://uri.paypal.com/services/disputes/update-seller https://uri.paypal.com/services/payments/payment/authcapture openid https://uri.paypal.com/services/disputes/read-seller https://uri.paypal.com/services/payments/refund https://api.paypal.com/v1/vault/credit-card https://api.paypal.com/v1/payments/.* https://uri.paypal.com/payments/payouts https://api.paypal.com/v1/vault/credit-card/.* https://uri.paypal.com/services/subscriptions https://uri.paypal.com/services/applications/webhooks","access_token":"A21AAI8TQisig-smRsUKvgeBX3YAOMMSd-OE9oKvefZBRqJGnSjbguX3xca9wJaREyYX5skr_69S_LUP1kWpKTZXmOga-R6xA","token_type":"Bearer","app_id":"APP-80W284485P519543T","expires_in":32381,"nonce":"2020-09-04T07:08:58ZOTTubgtNspcZr-NQ0JQB-ELMXml-K9ZryA4SOwdNAkQ"}

================================================================================================================================

[04-09-2020 07:09:19] PayPal\Core\PayPalHttpConnection : INFO: POST https://api.sandbox.paypal.com/v1/vault/credit-cards
[04-09-2020 07:09:20] PayPal\Core\PayPalHttpConnection : DEBUG: Request Headers 	: POST /v1/vault/credit-cards HTTP/1.1, Host: api.sandbox.paypal.com, Accept: */*, Content-Type: application/json, User-Agent: PayPalSDK/PayPal-PHP-SDK 1.14.0 (platform-ver=7.2.31; bit=64; os=Windows_NT_10.0; machine=AMD64; crypto-lib-ver=1.1.1g; curl=7.67.0), Authorization: Bearer A21AAI8TQisig-smRsUKvgeBX3YAOMMSd-OE9oKvefZBRqJGnSjbguX3xca9wJaREyYX5skr_69S_LUP1kWpKTZXmOga-R6xA, Content-Length: 135, , 
[04-09-2020 07:09:20] PayPal\Core\PayPalHttpConnection : DEBUG: Request Data		: {"number":"4032032476376683","type":"visa","expire_month":"9","expire_year":"2028","cvv2":"123","first_name":"test","last_name":"test"}
--------------------------------------------------------------------------------------------------------------------------------

[04-09-2020 07:09:20] PayPal\Core\PayPalHttpConnection : INFO: Response Status 	: 201
[04-09-2020 07:09:20] PayPal\Core\PayPalHttpConnection : DEBUG: Response Headers	: Cache-Control: max-age=0, no-cache, no-store, must-revalidate, Content-Length: 667, Content-Type: application/json, Date: Fri, 04 Sep 2020 07:09:18 GMT, Paypal-Debug-Id: 4d4ec40ea5e17, 
[04-09-2020 07:09:20] PayPal\Core\PayPalHttpConnection : DEBUG: Response Data 	: {"id":"CARD-8G810633BW8952157L5I6QHQ","state":"ok","type":"visa","number":"xxxxxxxxxxxx6683","expire_month":"9","expire_year":"2028","first_name":"test","last_name":"test","valid_until":"2023-09-04T00:00:00Z","create_time":"2020-09-04T07:09:18Z","update_time":"2020-09-04T07:09:18Z","links":[{"href":"https://api.sandbox.paypal.com/v1/vault/credit-cards/CARD-8G810633BW8952157L5I6QHQ","rel":"self","method":"GET"},{"href":"https://api.sandbox.paypal.com/v1/vault/credit-cards/CARD-8G810633BW8952157L5I6QHQ","rel":"delete","method":"DELETE"},{"href":"https://api.sandbox.paypal.com/v1/vault/credit-cards/CARD-8G810633BW8952157L5I6QHQ","rel":"patch","method":"PATCH"}]}

================================================================================================================================

[04-09-2020 07:10:15] PayPal\Core\PayPalHttpConnection : INFO: POST https://api.sandbox.paypal.com/v1/oauth2/token
[04-09-2020 07:10:16] PayPal\Core\PayPalHttpConnection : DEBUG: Request Headers 	: POST /v1/oauth2/token HTTP/1.1, Host: api.sandbox.paypal.com, User-Agent: PayPalSDK/PayPal-PHP-SDK 1.14.0 (platform-ver=7.2.31; bit=64; os=Windows_NT_10.0; machine=AMD64; crypto-lib-ver=1.1.1g; curl=7.67.0), Authorization: Basic QWZjUDBMcFJrdjMtYWlfMkdDZ2tsRGgzVVhUVk9WTzlyX3hPaTF3VjU5VzVIdERlWENMLW02SWxmX2twYUhPTG1DSG5GVTF6eEpQT2NBSHk6RUp6UUxoSDNiNUpkTWFPU2RHdmRZYW5hNHgwR0xoT2R2ei1hTUQxeFJJNUhfUk5aWjZSY0UzbDJ6c1d0OThBUVkzTmwxSEVwOTJ0QVNvWFY=, Accept: */*, Content-Length: 29, Content-Type: application/x-www-form-urlencoded, , 
[04-09-2020 07:10:16] PayPal\Core\PayPalHttpConnection : DEBUG: Request Data		: grant_type=client_credentials
--------------------------------------------------------------------------------------------------------------------------------

[04-09-2020 07:10:16] PayPal\Core\PayPalHttpConnection : INFO: Response Status 	: 200
[04-09-2020 07:10:16] PayPal\Core\PayPalHttpConnection : DEBUG: Response Headers	: Cache-Control: max-age=0, no-cache, no-store, must-revalidate, Content-Length: 918, Content-Type: application/json, Date: Fri, 04 Sep 2020 07:10:14 GMT, Paypal-Debug-Id: 1f166bf46f1cb, X-Paypal-Token-Service: IAAS, 
[04-09-2020 07:10:16] PayPal\Core\PayPalHttpConnection : DEBUG: Response Data 	: {"scope":"https://uri.paypal.com/services/invoicing https://uri.paypal.com/services/disputes/read-buyer https://uri.paypal.com/services/payments/realtimepayment https://uri.paypal.com/services/disputes/update-seller https://uri.paypal.com/services/payments/payment/authcapture openid https://uri.paypal.com/services/disputes/read-seller https://uri.paypal.com/services/payments/refund https://api.paypal.com/v1/vault/credit-card https://api.paypal.com/v1/payments/.* https://uri.paypal.com/payments/payouts https://api.paypal.com/v1/vault/credit-card/.* https://uri.paypal.com/services/subscriptions https://uri.paypal.com/services/applications/webhooks","access_token":"A21AAI8TQisig-smRsUKvgeBX3YAOMMSd-OE9oKvefZBRqJGnSjbguX3xca9wJaREyYX5skr_69S_LUP1kWpKTZXmOga-R6xA","token_type":"Bearer","app_id":"APP-80W284485P519543T","expires_in":32324,"nonce":"2020-09-04T07:08:58ZOTTubgtNspcZr-NQ0JQB-ELMXml-K9ZryA4SOwdNAkQ"}

================================================================================================================================

[04-09-2020 07:10:16] PayPal\Core\PayPalHttpConnection : INFO: POST https://api.sandbox.paypal.com/v1/vault/credit-cards
[04-09-2020 07:10:17] PayPal\Core\PayPalHttpConnection : DEBUG: Request Headers 	: POST /v1/vault/credit-cards HTTP/1.1, Host: api.sandbox.paypal.com, Accept: */*, Content-Type: application/json, User-Agent: PayPalSDK/PayPal-PHP-SDK 1.14.0 (platform-ver=7.2.31; bit=64; os=Windows_NT_10.0; machine=AMD64; crypto-lib-ver=1.1.1g; curl=7.67.0), Authorization: Bearer A21AAI8TQisig-smRsUKvgeBX3YAOMMSd-OE9oKvefZBRqJGnSjbguX3xca9wJaREyYX5skr_69S_LUP1kWpKTZXmOga-R6xA, Content-Length: 135, , 
[04-09-2020 07:10:17] PayPal\Core\PayPalHttpConnection : DEBUG: Request Data		: {"number":"4032032476376683","type":"visa","expire_month":"9","expire_year":"2028","cvv2":"123","first_name":"test","last_name":"test"}
--------------------------------------------------------------------------------------------------------------------------------

[04-09-2020 07:10:17] PayPal\Core\PayPalHttpConnection : INFO: Response Status 	: 201
[04-09-2020 07:10:17] PayPal\Core\PayPalHttpConnection : DEBUG: Response Headers	: Cache-Control: max-age=0, no-cache, no-store, must-revalidate, Content-Length: 667, Content-Type: application/json, Date: Fri, 04 Sep 2020 07:10:15 GMT, Paypal-Debug-Id: 71274d27ca45, 
[04-09-2020 07:10:17] PayPal\Core\PayPalHttpConnection : DEBUG: Response Data 	: {"id":"CARD-40H84423B30948946L5I6QVY","state":"ok","type":"visa","number":"xxxxxxxxxxxx6683","expire_month":"9","expire_year":"2028","first_name":"test","last_name":"test","valid_until":"2023-09-04T00:00:00Z","create_time":"2020-09-04T07:10:15Z","update_time":"2020-09-04T07:10:15Z","links":[{"href":"https://api.sandbox.paypal.com/v1/vault/credit-cards/CARD-40H84423B30948946L5I6QVY","rel":"self","method":"GET"},{"href":"https://api.sandbox.paypal.com/v1/vault/credit-cards/CARD-40H84423B30948946L5I6QVY","rel":"delete","method":"DELETE"},{"href":"https://api.sandbox.paypal.com/v1/vault/credit-cards/CARD-40H84423B30948946L5I6QVY","rel":"patch","method":"PATCH"}]}

================================================================================================================================

[04-09-2020 07:11:10] PayPal\Core\PayPalHttpConnection : INFO: POST https://api.sandbox.paypal.com/v1/oauth2/token
[04-09-2020 07:11:11] PayPal\Core\PayPalHttpConnection : DEBUG: Request Headers 	: POST /v1/oauth2/token HTTP/1.1, Host: api.sandbox.paypal.com, User-Agent: PayPalSDK/PayPal-PHP-SDK 1.14.0 (platform-ver=7.2.31; bit=64; os=Windows_NT_10.0; machine=AMD64; crypto-lib-ver=1.1.1g; curl=7.67.0), Authorization: Basic QWZjUDBMcFJrdjMtYWlfMkdDZ2tsRGgzVVhUVk9WTzlyX3hPaTF3VjU5VzVIdERlWENMLW02SWxmX2twYUhPTG1DSG5GVTF6eEpQT2NBSHk6RUp6UUxoSDNiNUpkTWFPU2RHdmRZYW5hNHgwR0xoT2R2ei1hTUQxeFJJNUhfUk5aWjZSY0UzbDJ6c1d0OThBUVkzTmwxSEVwOTJ0QVNvWFY=, Accept: */*, Content-Length: 29, Content-Type: application/x-www-form-urlencoded, , 
[04-09-2020 07:11:11] PayPal\Core\PayPalHttpConnection : DEBUG: Request Data		: grant_type=client_credentials
--------------------------------------------------------------------------------------------------------------------------------

[04-09-2020 07:11:11] PayPal\Core\PayPalHttpConnection : INFO: Response Status 	: 200
[04-09-2020 07:11:11] PayPal\Core\PayPalHttpConnection : DEBUG: Response Headers	: Cache-Control: max-age=0, no-cache, no-store, must-revalidate, Content-Length: 918, Content-Type: application/json, Date: Fri, 04 Sep 2020 07:11:09 GMT, Paypal-Debug-Id: edd6dc63cb3ff, X-Paypal-Token-Service: IAAS, 
[04-09-2020 07:11:11] PayPal\Core\PayPalHttpConnection : DEBUG: Response Data 	: {"scope":"https://uri.paypal.com/services/invoicing https://uri.paypal.com/services/disputes/read-buyer https://uri.paypal.com/services/payments/realtimepayment https://uri.paypal.com/services/disputes/update-seller https://uri.paypal.com/services/payments/payment/authcapture openid https://uri.paypal.com/services/disputes/read-seller https://uri.paypal.com/services/payments/refund https://api.paypal.com/v1/vault/credit-card https://api.paypal.com/v1/payments/.* https://uri.paypal.com/payments/payouts https://api.paypal.com/v1/vault/credit-card/.* https://uri.paypal.com/services/subscriptions https://uri.paypal.com/services/applications/webhooks","access_token":"A21AAI8TQisig-smRsUKvgeBX3YAOMMSd-OE9oKvefZBRqJGnSjbguX3xca9wJaREyYX5skr_69S_LUP1kWpKTZXmOga-R6xA","token_type":"Bearer","app_id":"APP-80W284485P519543T","expires_in":32269,"nonce":"2020-09-04T07:08:58ZOTTubgtNspcZr-NQ0JQB-ELMXml-K9ZryA4SOwdNAkQ"}

================================================================================================================================

[04-09-2020 07:11:11] PayPal\Core\PayPalHttpConnection : INFO: POST https://api.sandbox.paypal.com/v1/vault/credit-cards
[04-09-2020 07:11:12] PayPal\Core\PayPalHttpConnection : DEBUG: Request Headers 	: POST /v1/vault/credit-cards HTTP/1.1, Host: api.sandbox.paypal.com, Accept: */*, Content-Type: application/json, User-Agent: PayPalSDK/PayPal-PHP-SDK 1.14.0 (platform-ver=7.2.31; bit=64; os=Windows_NT_10.0; machine=AMD64; crypto-lib-ver=1.1.1g; curl=7.67.0), Authorization: Bearer A21AAI8TQisig-smRsUKvgeBX3YAOMMSd-OE9oKvefZBRqJGnSjbguX3xca9wJaREyYX5skr_69S_LUP1kWpKTZXmOga-R6xA, Content-Length: 135, , 
[04-09-2020 07:11:12] PayPal\Core\PayPalHttpConnection : DEBUG: Request Data		: {"number":"4032032476376683","type":"visa","expire_month":"9","expire_year":"2028","cvv2":"123","first_name":"test","last_name":"test"}
--------------------------------------------------------------------------------------------------------------------------------

[04-09-2020 07:11:12] PayPal\Core\PayPalHttpConnection : INFO: Response Status 	: 201
[04-09-2020 07:11:12] PayPal\Core\PayPalHttpConnection : DEBUG: Response Headers	: Cache-Control: max-age=0, no-cache, no-store, must-revalidate, Content-Length: 667, Content-Type: application/json, Date: Fri, 04 Sep 2020 07:11:10 GMT, Paypal-Debug-Id: 91eaee5f740e4, 
[04-09-2020 07:11:12] PayPal\Core\PayPalHttpConnection : DEBUG: Response Data 	: {"id":"CARD-86J825114K9677414L5I6RDQ","state":"ok","type":"visa","number":"xxxxxxxxxxxx6683","expire_month":"9","expire_year":"2028","first_name":"test","last_name":"test","valid_until":"2023-09-04T00:00:00Z","create_time":"2020-09-04T07:11:10Z","update_time":"2020-09-04T07:11:10Z","links":[{"href":"https://api.sandbox.paypal.com/v1/vault/credit-cards/CARD-86J825114K9677414L5I6RDQ","rel":"self","method":"GET"},{"href":"https://api.sandbox.paypal.com/v1/vault/credit-cards/CARD-86J825114K9677414L5I6RDQ","rel":"delete","method":"DELETE"},{"href":"https://api.sandbox.paypal.com/v1/vault/credit-cards/CARD-86J825114K9677414L5I6RDQ","rel":"patch","method":"PATCH"}]}

================================================================================================================================

